[2023-10-28 17:58:34] production.ERROR: SQLSTATE[28000] [1045] Access denied for user 'forge'@'localhost' (using password: NO) (SQL: select * from `general_settings` limit 1) {"exception":"[object] (Illuminate\\Database\\QueryException(code: 1045): SQLSTATE[28000] [1045] Access denied for user 'forge'@'localhost' (using password: NO) (SQL: select * from `general_settings` limit 1) at /home/fxbrizdp/public_html/core/vendor/laravel/framework/src/Illuminate/Database/Connection.php:759)
[stacktrace]
#0 /home/fxbrizdp/public_html/core/vendor/laravel/framework/src/Illuminate/Database/Connection.php(719): Illuminate\\Database\\Connection->runQueryCallback()
#1 /home/fxbrizdp/public_html/core/vendor/laravel/framework/src/Illuminate/Database/Connection.php(421): Illuminate\\Database\\Connection->run()
#2 /home/fxbrizdp/public_html/core/vendor/laravel/framework/src/Illuminate/Database/Query/Builder.php(2636): Illuminate\\Database\\Connection->select()
#3 /home/fxbrizdp/public_html/core/vendor/laravel/framework/src/Illuminate/Database/Query/Builder.php(2624): Illuminate\\Database\\Query\\Builder->runSelect()
#4 /home/fxbrizdp/public_html/core/vendor/laravel/framework/src/Illuminate/Database/Query/Builder.php(3160): Illuminate\\Database\\Query\\Builder->Illuminate\\Database\\Query\\{closure}()
#5 /home/fxbrizdp/public_html/core/vendor/laravel/framework/src/Illuminate/Database/Query/Builder.php(2625): Illuminate\\Database\\Query\\Builder->onceWithColumns()
#6 /home/fxbrizdp/public_html/core/vendor/laravel/framework/src/Illuminate/Database/Eloquent/Builder.php(699): Illuminate\\Database\\Query\\Builder->get()
#7 /home/fxbrizdp/public_html/core/vendor/laravel/framework/src/Illuminate/Database/Eloquent/Builder.php(683): Illuminate\\Database\\Eloquent\\Builder->getModels()
#8 /home/fxbrizdp/public_html/core/vendor/laravel/framework/src/Illuminate/Database/Concerns/BuildsQueries.php(296): Illuminate\\Database\\Eloquent\\Builder->get()
#9 /home/fxbrizdp/public_html/core/vendor/laravel/framework/src/Illuminate/Support/Traits/ForwardsCalls.php(23): Illuminate\\Database\\Eloquent\\Builder->first()
#10 /home/fxbrizdp/public_html/core/vendor/laravel/framework/src/Illuminate/Database/Eloquent/Model.php(2275): Illuminate\\Database\\Eloquent\\Model->forwardCallTo()
#11 /home/fxbrizdp/public_html/core/vendor/laravel/framework/src/Illuminate/Database/Eloquent/Model.php(2287): Illuminate\\Database\\Eloquent\\Model->__call()
#12 /home/fxbrizdp/public_html/core/app/Http/Helpers/helpers.php(423): Illuminate\\Database\\Eloquent\\Model::__callStatic()
#13 /home/fxbrizdp/public_html/core/app/Providers/AppServiceProvider.php(35): gs()
#14 /home/fxbrizdp/public_html/core/vendor/laravel/framework/src/Illuminate/Container/BoundMethod.php(36): App\\Providers\\AppServiceProvider->boot()
#15 /home/fxbrizdp/public_html/core/vendor/laravel/framework/src/Illuminate/Container/Util.php(41): Illuminate\\Container\\BoundMethod::Illuminate\\Container\\{closure}()
#16 /home/fxbrizdp/public_html/core/vendor/laravel/framework/src/Illuminate/Container/BoundMethod.php(93): Illuminate\\Container\\Util::unwrapIfClosure()
#17 /home/fxbrizdp/public_html/core/vendor/laravel/framework/src/Illuminate/Container/BoundMethod.php(37): Illuminate\\Container\\BoundMethod::callBoundMethod()
#18 /home/fxbrizdp/public_html/core/vendor/laravel/framework/src/Illuminate/Container/Container.php(651): Illuminate\\Container\\BoundMethod::call()
#19 /home/fxbrizdp/public_html/core/vendor/laravel/framework/src/Illuminate/Foundation/Application.php(933): Illuminate\\Container\\Container->call()
#20 /home/fxbrizdp/public_html/core/vendor/laravel/framework/src/Illuminate/Foundation/Application.php(914): Illuminate\\Foundation\\Application->bootProvider()
#21 [internal function]: Illuminate\\Foundation\\Application->Illuminate\\Foundation\\{closure}()
#22 /home/fxbrizdp/public_html/core/vendor/laravel/framework/src/Illuminate/Foundation/Application.php(915): array_walk()
#23 /home/fxbrizdp/public_html/core/vendor/laravel/framework/src/Illuminate/Foundation/Bootstrap/BootProviders.php(17): Illuminate\\Foundation\\Application->boot()
#24 /home/fxbrizdp/public_html/core/vendor/laravel/framework/src/Illuminate/Foundation/Application.php(242): Illuminate\\Foundation\\Bootstrap\\BootProviders->bootstrap()
#25 /home/fxbrizdp/public_html/core/vendor/laravel/framework/src/Illuminate/Foundation/Http/Kernel.php(176): Illuminate\\Foundation\\Application->bootstrapWith()
#26 /home/fxbrizdp/public_html/core/vendor/laravel/framework/src/Illuminate/Foundation/Http/Kernel.php(160): Illuminate\\Foundation\\Http\\Kernel->bootstrap()
#27 /home/fxbrizdp/public_html/core/vendor/laravel/framework/src/Illuminate/Foundation/Http/Kernel.php(134): Illuminate\\Foundation\\Http\\Kernel->sendRequestThroughRouter()
#28 /home/fxbrizdp/public_html/index.php(52): Illuminate\\Foundation\\Http\\Kernel->handle()
#29 {main}

[previous exception] [object] (PDOException(code: 1045): SQLSTATE[28000] [1045] Access denied for user 'forge'@'localhost' (using password: NO) at /home/fxbrizdp/public_html/core/vendor/laravel/framework/src/Illuminate/Database/Connectors/Connector.php:70)
[stacktrace]
#0 /home/fxbrizdp/public_html/core/vendor/laravel/framework/src/Illuminate/Database/Connectors/Connector.php(70): PDO->__construct()
#1 /home/fxbrizdp/public_html/core/vendor/laravel/framework/src/Illuminate/Database/Connectors/Connector.php(46): Illuminate\\Database\\Connectors\\Connector->createPdoConnection()
#2 /home/fxbrizdp/public_html/core/vendor/laravel/framework/src/Illuminate/Database/Connectors/MySqlConnector.php(24): Illuminate\\Database\\Connectors\\Connector->createConnection()
#3 /home/fxbrizdp/public_html/core/vendor/laravel/framework/src/Illuminate/Database/Connectors/ConnectionFactory.php(184): Illuminate\\Database\\Connectors\\MySqlConnector->connect()
#4 [internal function]: Illuminate\\Database\\Connectors\\ConnectionFactory->Illuminate\\Database\\Connectors\\{closure}()
#5 /home/fxbrizdp/public_html/core/vendor/laravel/framework/src/Illuminate/Database/Connection.php(1169): call_user_func()
#6 /home/fxbrizdp/public_html/core/vendor/laravel/framework/src/Illuminate/Database/Connection.php(1205): Illuminate\\Database\\Connection->getPdo()
#7 /home/fxbrizdp/public_html/core/vendor/laravel/framework/src/Illuminate/Database/Connection.php(485): Illuminate\\Database\\Connection->getReadPdo()
#8 /home/fxbrizdp/public_html/core/vendor/laravel/framework/src/Illuminate/Database/Connection.php(413): Illuminate\\Database\\Connection->getPdoForSelect()
#9 /home/fxbrizdp/public_html/core/vendor/laravel/framework/src/Illuminate/Database/Connection.php(752): Illuminate\\Database\\Connection->Illuminate\\Database\\{closure}()
#10 /home/fxbrizdp/public_html/core/vendor/laravel/framework/src/Illuminate/Database/Connection.php(719): Illuminate\\Database\\Connection->runQueryCallback()
#11 /home/fxbrizdp/public_html/core/vendor/laravel/framework/src/Illuminate/Database/Connection.php(421): Illuminate\\Database\\Connection->run()
#12 /home/fxbrizdp/public_html/core/vendor/laravel/framework/src/Illuminate/Database/Query/Builder.php(2636): Illuminate\\Database\\Connection->select()
#13 /home/fxbrizdp/public_html/core/vendor/laravel/framework/src/Illuminate/Database/Query/Builder.php(2624): Illuminate\\Database\\Query\\Builder->runSelect()
#14 /home/fxbrizdp/public_html/core/vendor/laravel/framework/src/Illuminate/Database/Query/Builder.php(3160): Illuminate\\Database\\Query\\Builder->Illuminate\\Database\\Query\\{closure}()
#15 /home/fxbrizdp/public_html/core/vendor/laravel/framework/src/Illuminate/Database/Query/Builder.php(2625): Illuminate\\Database\\Query\\Builder->onceWithColumns()
#16 /home/fxbrizdp/public_html/core/vendor/laravel/framework/src/Illuminate/Database/Eloquent/Builder.php(699): Illuminate\\Database\\Query\\Builder->get()
#17 /home/fxbrizdp/public_html/core/vendor/laravel/framework/src/Illuminate/Database/Eloquent/Builder.php(683): Illuminate\\Database\\Eloquent\\Builder->getModels()
#18 /home/fxbrizdp/public_html/core/vendor/laravel/framework/src/Illuminate/Database/Concerns/BuildsQueries.php(296): Illuminate\\Database\\Eloquent\\Builder->get()
#19 /home/fxbrizdp/public_html/core/vendor/laravel/framework/src/Illuminate/Support/Traits/ForwardsCalls.php(23): Illuminate\\Database\\Eloquent\\Builder->first()
#20 /home/fxbrizdp/public_html/core/vendor/laravel/framework/src/Illuminate/Database/Eloquent/Model.php(2275): Illuminate\\Database\\Eloquent\\Model->forwardCallTo()
#21 /home/fxbrizdp/public_html/core/vendor/laravel/framework/src/Illuminate/Database/Eloquent/Model.php(2287): Illuminate\\Database\\Eloquent\\Model->__call()
#22 /home/fxbrizdp/public_html/core/app/Http/Helpers/helpers.php(423): Illuminate\\Database\\Eloquent\\Model::__callStatic()
#23 /home/fxbrizdp/public_html/core/app/Providers/AppServiceProvider.php(35): gs()
#24 /home/fxbrizdp/public_html/core/vendor/laravel/framework/src/Illuminate/Container/BoundMethod.php(36): App\\Providers\\AppServiceProvider->boot()
#25 /home/fxbrizdp/public_html/core/vendor/laravel/framework/src/Illuminate/Container/Util.php(41): Illuminate\\Container\\BoundMethod::Illuminate\\Container\\{closure}()
#26 /home/fxbrizdp/public_html/core/vendor/laravel/framework/src/Illuminate/Container/BoundMethod.php(93): Illuminate\\Container\\Util::unwrapIfClosure()
#27 /home/fxbrizdp/public_html/core/vendor/laravel/framework/src/Illuminate/Container/BoundMethod.php(37): Illuminate\\Container\\BoundMethod::callBoundMethod()
#28 /home/fxbrizdp/public_html/core/vendor/laravel/framework/src/Illuminate/Container/Container.php(651): Illuminate\\Container\\BoundMethod::call()
#29 /home/fxbrizdp/public_html/core/vendor/laravel/framework/src/Illuminate/Foundation/Application.php(933): Illuminate\\Container\\Container->call()
#30 /home/fxbrizdp/public_html/core/vendor/laravel/framework/src/Illuminate/Foundation/Application.php(914): Illuminate\\Foundation\\Application->bootProvider()
#31 [internal function]: Illuminate\\Foundation\\Application->Illuminate\\Foundation\\{closure}()
#32 /home/fxbrizdp/public_html/core/vendor/laravel/framework/src/Illuminate/Foundation/Application.php(915): array_walk()
#33 /home/fxbrizdp/public_html/core/vendor/laravel/framework/src/Illuminate/Foundation/Bootstrap/BootProviders.php(17): Illuminate\\Foundation\\Application->boot()
#34 /home/fxbrizdp/public_html/core/vendor/laravel/framework/src/Illuminate/Foundation/Application.php(242): Illuminate\\Foundation\\Bootstrap\\BootProviders->bootstrap()
#35 /home/fxbrizdp/public_html/core/vendor/laravel/framework/src/Illuminate/Foundation/Http/Kernel.php(176): Illuminate\\Foundation\\Application->bootstrapWith()
#36 /home/fxbrizdp/public_html/core/vendor/laravel/framework/src/Illuminate/Foundation/Http/Kernel.php(160): Illuminate\\Foundation\\Http\\Kernel->bootstrap()
#37 /home/fxbrizdp/public_html/core/vendor/laravel/framework/src/Illuminate/Foundation/Http/Kernel.php(134): Illuminate\\Foundation\\Http\\Kernel->sendRequestThroughRouter()
#38 /home/fxbrizdp/public_html/index.php(52): Illuminate\\Foundation\\Http\\Kernel->handle()
#39 {main}
"} 
[2023-10-28 17:58:41] production.ERROR: SQLSTATE[28000] [1045] Access denied for user 'forge'@'localhost' (using password: NO) (SQL: select * from `general_settings` limit 1) {"exception":"[object] (Illuminate\\Database\\QueryException(code: 1045): SQLSTATE[28000] [1045] Access denied for user 'forge'@'localhost' (using password: NO) (SQL: select * from `general_settings` limit 1) at /home/fxbrizdp/public_html/core/vendor/laravel/framework/src/Illuminate/Database/Connection.php:759)
[stacktrace]
#0 /home/fxbrizdp/public_html/core/vendor/laravel/framework/src/Illuminate/Database/Connection.php(719): Illuminate\\Database\\Connection->runQueryCallback()
#1 /home/fxbrizdp/public_html/core/vendor/laravel/framework/src/Illuminate/Database/Connection.php(421): Illuminate\\Database\\Connection->run()
#2 /home/fxbrizdp/public_html/core/vendor/laravel/framework/src/Illuminate/Database/Query/Builder.php(2636): Illuminate\\Database\\Connection->select()
#3 /home/fxbrizdp/public_html/core/vendor/laravel/framework/src/Illuminate/Database/Query/Builder.php(2624): Illuminate\\Database\\Query\\Builder->runSelect()
#4 /home/fxbrizdp/public_html/core/vendor/laravel/framework/src/Illuminate/Database/Query/Builder.php(3160): Illuminate\\Database\\Query\\Builder->Illuminate\\Database\\Query\\{closure}()
#5 /home/fxbrizdp/public_html/core/vendor/laravel/framework/src/Illuminate/Database/Query/Builder.php(2625): Illuminate\\Database\\Query\\Builder->onceWithColumns()
#6 /home/fxbrizdp/public_html/core/vendor/laravel/framework/src/Illuminate/Database/Eloquent/Builder.php(699): Illuminate\\Database\\Query\\Builder->get()
#7 /home/fxbrizdp/public_html/core/vendor/laravel/framework/src/Illuminate/Database/Eloquent/Builder.php(683): Illuminate\\Database\\Eloquent\\Builder->getModels()
#8 /home/fxbrizdp/public_html/core/vendor/laravel/framework/src/Illuminate/Database/Concerns/BuildsQueries.php(296): Illuminate\\Database\\Eloquent\\Builder->get()
#9 /home/fxbrizdp/public_html/core/vendor/laravel/framework/src/Illuminate/Support/Traits/ForwardsCalls.php(23): Illuminate\\Database\\Eloquent\\Builder->first()
#10 /home/fxbrizdp/public_html/core/vendor/laravel/framework/src/Illuminate/Database/Eloquent/Model.php(2275): Illuminate\\Database\\Eloquent\\Model->forwardCallTo()
#11 /home/fxbrizdp/public_html/core/vendor/laravel/framework/src/Illuminate/Database/Eloquent/Model.php(2287): Illuminate\\Database\\Eloquent\\Model->__call()
#12 /home/fxbrizdp/public_html/core/app/Http/Helpers/helpers.php(423): Illuminate\\Database\\Eloquent\\Model::__callStatic()
#13 /home/fxbrizdp/public_html/core/app/Providers/AppServiceProvider.php(35): gs()
#14 /home/fxbrizdp/public_html/core/vendor/laravel/framework/src/Illuminate/Container/BoundMethod.php(36): App\\Providers\\AppServiceProvider->boot()
#15 /home/fxbrizdp/public_html/core/vendor/laravel/framework/src/Illuminate/Container/Util.php(41): Illuminate\\Container\\BoundMethod::Illuminate\\Container\\{closure}()
#16 /home/fxbrizdp/public_html/core/vendor/laravel/framework/src/Illuminate/Container/BoundMethod.php(93): Illuminate\\Container\\Util::unwrapIfClosure()
#17 /home/fxbrizdp/public_html/core/vendor/laravel/framework/src/Illuminate/Container/BoundMethod.php(37): Illuminate\\Container\\BoundMethod::callBoundMethod()
#18 /home/fxbrizdp/public_html/core/vendor/laravel/framework/src/Illuminate/Container/Container.php(651): Illuminate\\Container\\BoundMethod::call()
#19 /home/fxbrizdp/public_html/core/vendor/laravel/framework/src/Illuminate/Foundation/Application.php(933): Illuminate\\Container\\Container->call()
#20 /home/fxbrizdp/public_html/core/vendor/laravel/framework/src/Illuminate/Foundation/Application.php(914): Illuminate\\Foundation\\Application->bootProvider()
#21 [internal function]: Illuminate\\Foundation\\Application->Illuminate\\Foundation\\{closure}()
#22 /home/fxbrizdp/public_html/core/vendor/laravel/framework/src/Illuminate/Foundation/Application.php(915): array_walk()
#23 /home/fxbrizdp/public_html/core/vendor/laravel/framework/src/Illuminate/Foundation/Bootstrap/BootProviders.php(17): Illuminate\\Foundation\\Application->boot()
#24 /home/fxbrizdp/public_html/core/vendor/laravel/framework/src/Illuminate/Foundation/Application.php(242): Illuminate\\Foundation\\Bootstrap\\BootProviders->bootstrap()
#25 /home/fxbrizdp/public_html/core/vendor/laravel/framework/src/Illuminate/Foundation/Http/Kernel.php(176): Illuminate\\Foundation\\Application->bootstrapWith()
#26 /home/fxbrizdp/public_html/core/vendor/laravel/framework/src/Illuminate/Foundation/Http/Kernel.php(160): Illuminate\\Foundation\\Http\\Kernel->bootstrap()
#27 /home/fxbrizdp/public_html/core/vendor/laravel/framework/src/Illuminate/Foundation/Http/Kernel.php(134): Illuminate\\Foundation\\Http\\Kernel->sendRequestThroughRouter()
#28 /home/fxbrizdp/public_html/index.php(52): Illuminate\\Foundation\\Http\\Kernel->handle()
#29 {main}

[previous exception] [object] (PDOException(code: 1045): SQLSTATE[28000] [1045] Access denied for user 'forge'@'localhost' (using password: NO) at /home/fxbrizdp/public_html/core/vendor/laravel/framework/src/Illuminate/Database/Connectors/Connector.php:70)
[stacktrace]
#0 /home/fxbrizdp/public_html/core/vendor/laravel/framework/src/Illuminate/Database/Connectors/Connector.php(70): PDO->__construct()
#1 /home/fxbrizdp/public_html/core/vendor/laravel/framework/src/Illuminate/Database/Connectors/Connector.php(46): Illuminate\\Database\\Connectors\\Connector->createPdoConnection()
#2 /home/fxbrizdp/public_html/core/vendor/laravel/framework/src/Illuminate/Database/Connectors/MySqlConnector.php(24): Illuminate\\Database\\Connectors\\Connector->createConnection()
#3 /home/fxbrizdp/public_html/core/vendor/laravel/framework/src/Illuminate/Database/Connectors/ConnectionFactory.php(184): Illuminate\\Database\\Connectors\\MySqlConnector->connect()
#4 [internal function]: Illuminate\\Database\\Connectors\\ConnectionFactory->Illuminate\\Database\\Connectors\\{closure}()
#5 /home/fxbrizdp/public_html/core/vendor/laravel/framework/src/Illuminate/Database/Connection.php(1169): call_user_func()
#6 /home/fxbrizdp/public_html/core/vendor/laravel/framework/src/Illuminate/Database/Connection.php(1205): Illuminate\\Database\\Connection->getPdo()
#7 /home/fxbrizdp/public_html/core/vendor/laravel/framework/src/Illuminate/Database/Connection.php(485): Illuminate\\Database\\Connection->getReadPdo()
#8 /home/fxbrizdp/public_html/core/vendor/laravel/framework/src/Illuminate/Database/Connection.php(413): Illuminate\\Database\\Connection->getPdoForSelect()
#9 /home/fxbrizdp/public_html/core/vendor/laravel/framework/src/Illuminate/Database/Connection.php(752): Illuminate\\Database\\Connection->Illuminate\\Database\\{closure}()
#10 /home/fxbrizdp/public_html/core/vendor/laravel/framework/src/Illuminate/Database/Connection.php(719): Illuminate\\Database\\Connection->runQueryCallback()
#11 /home/fxbrizdp/public_html/core/vendor/laravel/framework/src/Illuminate/Database/Connection.php(421): Illuminate\\Database\\Connection->run()
#12 /home/fxbrizdp/public_html/core/vendor/laravel/framework/src/Illuminate/Database/Query/Builder.php(2636): Illuminate\\Database\\Connection->select()
#13 /home/fxbrizdp/public_html/core/vendor/laravel/framework/src/Illuminate/Database/Query/Builder.php(2624): Illuminate\\Database\\Query\\Builder->runSelect()
#14 /home/fxbrizdp/public_html/core/vendor/laravel/framework/src/Illuminate/Database/Query/Builder.php(3160): Illuminate\\Database\\Query\\Builder->Illuminate\\Database\\Query\\{closure}()
#15 /home/fxbrizdp/public_html/core/vendor/laravel/framework/src/Illuminate/Database/Query/Builder.php(2625): Illuminate\\Database\\Query\\Builder->onceWithColumns()
#16 /home/fxbrizdp/public_html/core/vendor/laravel/framework/src/Illuminate/Database/Eloquent/Builder.php(699): Illuminate\\Database\\Query\\Builder->get()
#17 /home/fxbrizdp/public_html/core/vendor/laravel/framework/src/Illuminate/Database/Eloquent/Builder.php(683): Illuminate\\Database\\Eloquent\\Builder->getModels()
#18 /home/fxbrizdp/public_html/core/vendor/laravel/framework/src/Illuminate/Database/Concerns/BuildsQueries.php(296): Illuminate\\Database\\Eloquent\\Builder->get()
#19 /home/fxbrizdp/public_html/core/vendor/laravel/framework/src/Illuminate/Support/Traits/ForwardsCalls.php(23): Illuminate\\Database\\Eloquent\\Builder->first()
#20 /home/fxbrizdp/public_html/core/vendor/laravel/framework/src/Illuminate/Database/Eloquent/Model.php(2275): Illuminate\\Database\\Eloquent\\Model->forwardCallTo()
#21 /home/fxbrizdp/public_html/core/vendor/laravel/framework/src/Illuminate/Database/Eloquent/Model.php(2287): Illuminate\\Database\\Eloquent\\Model->__call()
#22 /home/fxbrizdp/public_html/core/app/Http/Helpers/helpers.php(423): Illuminate\\Database\\Eloquent\\Model::__callStatic()
#23 /home/fxbrizdp/public_html/core/app/Providers/AppServiceProvider.php(35): gs()
#24 /home/fxbrizdp/public_html/core/vendor/laravel/framework/src/Illuminate/Container/BoundMethod.php(36): App\\Providers\\AppServiceProvider->boot()
#25 /home/fxbrizdp/public_html/core/vendor/laravel/framework/src/Illuminate/Container/Util.php(41): Illuminate\\Container\\BoundMethod::Illuminate\\Container\\{closure}()
#26 /home/fxbrizdp/public_html/core/vendor/laravel/framework/src/Illuminate/Container/BoundMethod.php(93): Illuminate\\Container\\Util::unwrapIfClosure()
#27 /home/fxbrizdp/public_html/core/vendor/laravel/framework/src/Illuminate/Container/BoundMethod.php(37): Illuminate\\Container\\BoundMethod::callBoundMethod()
#28 /home/fxbrizdp/public_html/core/vendor/laravel/framework/src/Illuminate/Container/Container.php(651): Illuminate\\Container\\BoundMethod::call()
#29 /home/fxbrizdp/public_html/core/vendor/laravel/framework/src/Illuminate/Foundation/Application.php(933): Illuminate\\Container\\Container->call()
#30 /home/fxbrizdp/public_html/core/vendor/laravel/framework/src/Illuminate/Foundation/Application.php(914): Illuminate\\Foundation\\Application->bootProvider()
#31 [internal function]: Illuminate\\Foundation\\Application->Illuminate\\Foundation\\{closure}()
#32 /home/fxbrizdp/public_html/core/vendor/laravel/framework/src/Illuminate/Foundation/Application.php(915): array_walk()
#33 /home/fxbrizdp/public_html/core/vendor/laravel/framework/src/Illuminate/Foundation/Bootstrap/BootProviders.php(17): Illuminate\\Foundation\\Application->boot()
#34 /home/fxbrizdp/public_html/core/vendor/laravel/framework/src/Illuminate/Foundation/Application.php(242): Illuminate\\Foundation\\Bootstrap\\BootProviders->bootstrap()
#35 /home/fxbrizdp/public_html/core/vendor/laravel/framework/src/Illuminate/Foundation/Http/Kernel.php(176): Illuminate\\Foundation\\Application->bootstrapWith()
#36 /home/fxbrizdp/public_html/core/vendor/laravel/framework/src/Illuminate/Foundation/Http/Kernel.php(160): Illuminate\\Foundation\\Http\\Kernel->bootstrap()
#37 /home/fxbrizdp/public_html/core/vendor/laravel/framework/src/Illuminate/Foundation/Http/Kernel.php(134): Illuminate\\Foundation\\Http\\Kernel->sendRequestThroughRouter()
#38 /home/fxbrizdp/public_html/index.php(52): Illuminate\\Foundation\\Http\\Kernel->handle()
#39 {main}
"} 
[2023-10-28 17:58:42] production.ERROR: SQLSTATE[28000] [1045] Access denied for user 'forge'@'localhost' (using password: NO) (SQL: select * from `general_settings` limit 1) {"exception":"[object] (Illuminate\\Database\\QueryException(code: 1045): SQLSTATE[28000] [1045] Access denied for user 'forge'@'localhost' (using password: NO) (SQL: select * from `general_settings` limit 1) at /home/fxbrizdp/public_html/core/vendor/laravel/framework/src/Illuminate/Database/Connection.php:759)
[stacktrace]
#0 /home/fxbrizdp/public_html/core/vendor/laravel/framework/src/Illuminate/Database/Connection.php(719): Illuminate\\Database\\Connection->runQueryCallback()
#1 /home/fxbrizdp/public_html/core/vendor/laravel/framework/src/Illuminate/Database/Connection.php(421): Illuminate\\Database\\Connection->run()
#2 /home/fxbrizdp/public_html/core/vendor/laravel/framework/src/Illuminate/Database/Query/Builder.php(2636): Illuminate\\Database\\Connection->select()
#3 /home/fxbrizdp/public_html/core/vendor/laravel/framework/src/Illuminate/Database/Query/Builder.php(2624): Illuminate\\Database\\Query\\Builder->runSelect()
#4 /home/fxbrizdp/public_html/core/vendor/laravel/framework/src/Illuminate/Database/Query/Builder.php(3160): Illuminate\\Database\\Query\\Builder->Illuminate\\Database\\Query\\{closure}()
#5 /home/fxbrizdp/public_html/core/vendor/laravel/framework/src/Illuminate/Database/Query/Builder.php(2625): Illuminate\\Database\\Query\\Builder->onceWithColumns()
#6 /home/fxbrizdp/public_html/core/vendor/laravel/framework/src/Illuminate/Database/Eloquent/Builder.php(699): Illuminate\\Database\\Query\\Builder->get()
#7 /home/fxbrizdp/public_html/core/vendor/laravel/framework/src/Illuminate/Database/Eloquent/Builder.php(683): Illuminate\\Database\\Eloquent\\Builder->getModels()
#8 /home/fxbrizdp/public_html/core/vendor/laravel/framework/src/Illuminate/Database/Concerns/BuildsQueries.php(296): Illuminate\\Database\\Eloquent\\Builder->get()
#9 /home/fxbrizdp/public_html/core/vendor/laravel/framework/src/Illuminate/Support/Traits/ForwardsCalls.php(23): Illuminate\\Database\\Eloquent\\Builder->first()
#10 /home/fxbrizdp/public_html/core/vendor/laravel/framework/src/Illuminate/Database/Eloquent/Model.php(2275): Illuminate\\Database\\Eloquent\\Model->forwardCallTo()
#11 /home/fxbrizdp/public_html/core/vendor/laravel/framework/src/Illuminate/Database/Eloquent/Model.php(2287): Illuminate\\Database\\Eloquent\\Model->__call()
#12 /home/fxbrizdp/public_html/core/app/Http/Helpers/helpers.php(423): Illuminate\\Database\\Eloquent\\Model::__callStatic()
#13 /home/fxbrizdp/public_html/core/app/Providers/AppServiceProvider.php(35): gs()
#14 /home/fxbrizdp/public_html/core/vendor/laravel/framework/src/Illuminate/Container/BoundMethod.php(36): App\\Providers\\AppServiceProvider->boot()
#15 /home/fxbrizdp/public_html/core/vendor/laravel/framework/src/Illuminate/Container/Util.php(41): Illuminate\\Container\\BoundMethod::Illuminate\\Container\\{closure}()
#16 /home/fxbrizdp/public_html/core/vendor/laravel/framework/src/Illuminate/Container/BoundMethod.php(93): Illuminate\\Container\\Util::unwrapIfClosure()
#17 /home/fxbrizdp/public_html/core/vendor/laravel/framework/src/Illuminate/Container/BoundMethod.php(37): Illuminate\\Container\\BoundMethod::callBoundMethod()
#18 /home/fxbrizdp/public_html/core/vendor/laravel/framework/src/Illuminate/Container/Container.php(651): Illuminate\\Container\\BoundMethod::call()
#19 /home/fxbrizdp/public_html/core/vendor/laravel/framework/src/Illuminate/Foundation/Application.php(933): Illuminate\\Container\\Container->call()
#20 /home/fxbrizdp/public_html/core/vendor/laravel/framework/src/Illuminate/Foundation/Application.php(914): Illuminate\\Foundation\\Application->bootProvider()
#21 [internal function]: Illuminate\\Foundation\\Application->Illuminate\\Foundation\\{closure}()
#22 /home/fxbrizdp/public_html/core/vendor/laravel/framework/src/Illuminate/Foundation/Application.php(915): array_walk()
#23 /home/fxbrizdp/public_html/core/vendor/laravel/framework/src/Illuminate/Foundation/Bootstrap/BootProviders.php(17): Illuminate\\Foundation\\Application->boot()
#24 /home/fxbrizdp/public_html/core/vendor/laravel/framework/src/Illuminate/Foundation/Application.php(242): Illuminate\\Foundation\\Bootstrap\\BootProviders->bootstrap()
#25 /home/fxbrizdp/public_html/core/vendor/laravel/framework/src/Illuminate/Foundation/Http/Kernel.php(176): Illuminate\\Foundation\\Application->bootstrapWith()
#26 /home/fxbrizdp/public_html/core/vendor/laravel/framework/src/Illuminate/Foundation/Http/Kernel.php(160): Illuminate\\Foundation\\Http\\Kernel->bootstrap()
#27 /home/fxbrizdp/public_html/core/vendor/laravel/framework/src/Illuminate/Foundation/Http/Kernel.php(134): Illuminate\\Foundation\\Http\\Kernel->sendRequestThroughRouter()
#28 /home/fxbrizdp/public_html/index.php(52): Illuminate\\Foundation\\Http\\Kernel->handle()
#29 {main}

[previous exception] [object] (PDOException(code: 1045): SQLSTATE[28000] [1045] Access denied for user 'forge'@'localhost' (using password: NO) at /home/fxbrizdp/public_html/core/vendor/laravel/framework/src/Illuminate/Database/Connectors/Connector.php:70)
[stacktrace]
#0 /home/fxbrizdp/public_html/core/vendor/laravel/framework/src/Illuminate/Database/Connectors/Connector.php(70): PDO->__construct()
#1 /home/fxbrizdp/public_html/core/vendor/laravel/framework/src/Illuminate/Database/Connectors/Connector.php(46): Illuminate\\Database\\Connectors\\Connector->createPdoConnection()
#2 /home/fxbrizdp/public_html/core/vendor/laravel/framework/src/Illuminate/Database/Connectors/MySqlConnector.php(24): Illuminate\\Database\\Connectors\\Connector->createConnection()
#3 /home/fxbrizdp/public_html/core/vendor/laravel/framework/src/Illuminate/Database/Connectors/ConnectionFactory.php(184): Illuminate\\Database\\Connectors\\MySqlConnector->connect()
#4 [internal function]: Illuminate\\Database\\Connectors\\ConnectionFactory->Illuminate\\Database\\Connectors\\{closure}()
#5 /home/fxbrizdp/public_html/core/vendor/laravel/framework/src/Illuminate/Database/Connection.php(1169): call_user_func()
#6 /home/fxbrizdp/public_html/core/vendor/laravel/framework/src/Illuminate/Database/Connection.php(1205): Illuminate\\Database\\Connection->getPdo()
#7 /home/fxbrizdp/public_html/core/vendor/laravel/framework/src/Illuminate/Database/Connection.php(485): Illuminate\\Database\\Connection->getReadPdo()
#8 /home/fxbrizdp/public_html/core/vendor/laravel/framework/src/Illuminate/Database/Connection.php(413): Illuminate\\Database\\Connection->getPdoForSelect()
#9 /home/fxbrizdp/public_html/core/vendor/laravel/framework/src/Illuminate/Database/Connection.php(752): Illuminate\\Database\\Connection->Illuminate\\Database\\{closure}()
#10 /home/fxbrizdp/public_html/core/vendor/laravel/framework/src/Illuminate/Database/Connection.php(719): Illuminate\\Database\\Connection->runQueryCallback()
#11 /home/fxbrizdp/public_html/core/vendor/laravel/framework/src/Illuminate/Database/Connection.php(421): Illuminate\\Database\\Connection->run()
#12 /home/fxbrizdp/public_html/core/vendor/laravel/framework/src/Illuminate/Database/Query/Builder.php(2636): Illuminate\\Database\\Connection->select()
#13 /home/fxbrizdp/public_html/core/vendor/laravel/framework/src/Illuminate/Database/Query/Builder.php(2624): Illuminate\\Database\\Query\\Builder->runSelect()
#14 /home/fxbrizdp/public_html/core/vendor/laravel/framework/src/Illuminate/Database/Query/Builder.php(3160): Illuminate\\Database\\Query\\Builder->Illuminate\\Database\\Query\\{closure}()
#15 /home/fxbrizdp/public_html/core/vendor/laravel/framework/src/Illuminate/Database/Query/Builder.php(2625): Illuminate\\Database\\Query\\Builder->onceWithColumns()
#16 /home/fxbrizdp/public_html/core/vendor/laravel/framework/src/Illuminate/Database/Eloquent/Builder.php(699): Illuminate\\Database\\Query\\Builder->get()
#17 /home/fxbrizdp/public_html/core/vendor/laravel/framework/src/Illuminate/Database/Eloquent/Builder.php(683): Illuminate\\Database\\Eloquent\\Builder->getModels()
#18 /home/fxbrizdp/public_html/core/vendor/laravel/framework/src/Illuminate/Database/Concerns/BuildsQueries.php(296): Illuminate\\Database\\Eloquent\\Builder->get()
#19 /home/fxbrizdp/public_html/core/vendor/laravel/framework/src/Illuminate/Support/Traits/ForwardsCalls.php(23): Illuminate\\Database\\Eloquent\\Builder->first()
#20 /home/fxbrizdp/public_html/core/vendor/laravel/framework/src/Illuminate/Database/Eloquent/Model.php(2275): Illuminate\\Database\\Eloquent\\Model->forwardCallTo()
#21 /home/fxbrizdp/public_html/core/vendor/laravel/framework/src/Illuminate/Database/Eloquent/Model.php(2287): Illuminate\\Database\\Eloquent\\Model->__call()
#22 /home/fxbrizdp/public_html/core/app/Http/Helpers/helpers.php(423): Illuminate\\Database\\Eloquent\\Model::__callStatic()
#23 /home/fxbrizdp/public_html/core/app/Providers/AppServiceProvider.php(35): gs()
#24 /home/fxbrizdp/public_html/core/vendor/laravel/framework/src/Illuminate/Container/BoundMethod.php(36): App\\Providers\\AppServiceProvider->boot()
#25 /home/fxbrizdp/public_html/core/vendor/laravel/framework/src/Illuminate/Container/Util.php(41): Illuminate\\Container\\BoundMethod::Illuminate\\Container\\{closure}()
#26 /home/fxbrizdp/public_html/core/vendor/laravel/framework/src/Illuminate/Container/BoundMethod.php(93): Illuminate\\Container\\Util::unwrapIfClosure()
#27 /home/fxbrizdp/public_html/core/vendor/laravel/framework/src/Illuminate/Container/BoundMethod.php(37): Illuminate\\Container\\BoundMethod::callBoundMethod()
#28 /home/fxbrizdp/public_html/core/vendor/laravel/framework/src/Illuminate/Container/Container.php(651): Illuminate\\Container\\BoundMethod::call()
#29 /home/fxbrizdp/public_html/core/vendor/laravel/framework/src/Illuminate/Foundation/Application.php(933): Illuminate\\Container\\Container->call()
#30 /home/fxbrizdp/public_html/core/vendor/laravel/framework/src/Illuminate/Foundation/Application.php(914): Illuminate\\Foundation\\Application->bootProvider()
#31 [internal function]: Illuminate\\Foundation\\Application->Illuminate\\Foundation\\{closure}()
#32 /home/fxbrizdp/public_html/core/vendor/laravel/framework/src/Illuminate/Foundation/Application.php(915): array_walk()
#33 /home/fxbrizdp/public_html/core/vendor/laravel/framework/src/Illuminate/Foundation/Bootstrap/BootProviders.php(17): Illuminate\\Foundation\\Application->boot()
#34 /home/fxbrizdp/public_html/core/vendor/laravel/framework/src/Illuminate/Foundation/Application.php(242): Illuminate\\Foundation\\Bootstrap\\BootProviders->bootstrap()
#35 /home/fxbrizdp/public_html/core/vendor/laravel/framework/src/Illuminate/Foundation/Http/Kernel.php(176): Illuminate\\Foundation\\Application->bootstrapWith()
#36 /home/fxbrizdp/public_html/core/vendor/laravel/framework/src/Illuminate/Foundation/Http/Kernel.php(160): Illuminate\\Foundation\\Http\\Kernel->bootstrap()
#37 /home/fxbrizdp/public_html/core/vendor/laravel/framework/src/Illuminate/Foundation/Http/Kernel.php(134): Illuminate\\Foundation\\Http\\Kernel->sendRequestThroughRouter()
#38 /home/fxbrizdp/public_html/index.php(52): Illuminate\\Foundation\\Http\\Kernel->handle()
#39 {main}
"} 
[2023-11-13 10:09:43] production.ERROR: SQLSTATE[HY000] [1045] Access denied for user 'fxbrizdp_newfxbusr'@'localhost' (using password: YES) (SQL: select * from `languages`) {"exception":"[object] (Illuminate\\Database\\QueryException(code: 1045): SQLSTATE[HY000] [1045] Access denied for user 'fxbrizdp_newfxbusr'@'localhost' (using password: YES) (SQL: select * from `languages`) at D:\\wamp64\\www\\fxbrokeview\\core\\vendor\\laravel\\framework\\src\\Illuminate\\Database\\Connection.php:759)
[stacktrace]
#0 D:\\wamp64\\www\\fxbrokeview\\core\\vendor\\laravel\\framework\\src\\Illuminate\\Database\\Connection.php(719): Illuminate\\Database\\Connection->runQueryCallback('select * from `...', Array, Object(Closure))
#1 D:\\wamp64\\www\\fxbrokeview\\core\\vendor\\laravel\\framework\\src\\Illuminate\\Database\\Connection.php(421): Illuminate\\Database\\Connection->run('select * from `...', Array, Object(Closure))
#2 D:\\wamp64\\www\\fxbrokeview\\core\\vendor\\laravel\\framework\\src\\Illuminate\\Database\\Query\\Builder.php(2636): Illuminate\\Database\\Connection->select('select * from `...', Array, true)
#3 D:\\wamp64\\www\\fxbrokeview\\core\\vendor\\laravel\\framework\\src\\Illuminate\\Database\\Query\\Builder.php(2624): Illuminate\\Database\\Query\\Builder->runSelect()
#4 D:\\wamp64\\www\\fxbrokeview\\core\\vendor\\laravel\\framework\\src\\Illuminate\\Database\\Query\\Builder.php(3160): Illuminate\\Database\\Query\\Builder->Illuminate\\Database\\Query\\{closure}()
#5 D:\\wamp64\\www\\fxbrokeview\\core\\vendor\\laravel\\framework\\src\\Illuminate\\Database\\Query\\Builder.php(2625): Illuminate\\Database\\Query\\Builder->onceWithColumns(Array, Object(Closure))
#6 D:\\wamp64\\www\\fxbrokeview\\core\\vendor\\laravel\\framework\\src\\Illuminate\\Database\\Eloquent\\Builder.php(699): Illuminate\\Database\\Query\\Builder->get(Array)
#7 D:\\wamp64\\www\\fxbrokeview\\core\\vendor\\laravel\\framework\\src\\Illuminate\\Database\\Eloquent\\Builder.php(683): Illuminate\\Database\\Eloquent\\Builder->getModels(Array)
#8 D:\\wamp64\\www\\fxbrokeview\\core\\vendor\\laravel\\framework\\src\\Illuminate\\Database\\Eloquent\\Model.php(632): Illuminate\\Database\\Eloquent\\Builder->get(Array)
#9 D:\\wamp64\\www\\fxbrokeview\\core\\app\\Providers\\AppServiceProvider.php(40): Illuminate\\Database\\Eloquent\\Model::all()
#10 D:\\wamp64\\www\\fxbrokeview\\core\\vendor\\laravel\\framework\\src\\Illuminate\\Container\\BoundMethod.php(36): App\\Providers\\AppServiceProvider->boot()
#11 D:\\wamp64\\www\\fxbrokeview\\core\\vendor\\laravel\\framework\\src\\Illuminate\\Container\\Util.php(41): Illuminate\\Container\\BoundMethod::Illuminate\\Container\\{closure}()
#12 D:\\wamp64\\www\\fxbrokeview\\core\\vendor\\laravel\\framework\\src\\Illuminate\\Container\\BoundMethod.php(93): Illuminate\\Container\\Util::unwrapIfClosure(Object(Closure))
#13 D:\\wamp64\\www\\fxbrokeview\\core\\vendor\\laravel\\framework\\src\\Illuminate\\Container\\BoundMethod.php(37): Illuminate\\Container\\BoundMethod::callBoundMethod(Object(Illuminate\\Foundation\\Application), Array, Object(Closure))
#14 D:\\wamp64\\www\\fxbrokeview\\core\\vendor\\laravel\\framework\\src\\Illuminate\\Container\\Container.php(651): Illuminate\\Container\\BoundMethod::call(Object(Illuminate\\Foundation\\Application), Array, Array, NULL)
#15 D:\\wamp64\\www\\fxbrokeview\\core\\vendor\\laravel\\framework\\src\\Illuminate\\Foundation\\Application.php(933): Illuminate\\Container\\Container->call(Array)
#16 D:\\wamp64\\www\\fxbrokeview\\core\\vendor\\laravel\\framework\\src\\Illuminate\\Foundation\\Application.php(914): Illuminate\\Foundation\\Application->bootProvider(Object(App\\Providers\\AppServiceProvider))
#17 [internal function]: Illuminate\\Foundation\\Application->Illuminate\\Foundation\\{closure}(Object(App\\Providers\\AppServiceProvider), 22)
#18 D:\\wamp64\\www\\fxbrokeview\\core\\vendor\\laravel\\framework\\src\\Illuminate\\Foundation\\Application.php(915): array_walk(Array, Object(Closure))
#19 D:\\wamp64\\www\\fxbrokeview\\core\\vendor\\laravel\\framework\\src\\Illuminate\\Foundation\\Bootstrap\\BootProviders.php(17): Illuminate\\Foundation\\Application->boot()
#20 D:\\wamp64\\www\\fxbrokeview\\core\\vendor\\laravel\\framework\\src\\Illuminate\\Foundation\\Application.php(242): Illuminate\\Foundation\\Bootstrap\\BootProviders->bootstrap(Object(Illuminate\\Foundation\\Application))
#21 D:\\wamp64\\www\\fxbrokeview\\core\\vendor\\laravel\\framework\\src\\Illuminate\\Foundation\\Http\\Kernel.php(176): Illuminate\\Foundation\\Application->bootstrapWith(Array)
#22 D:\\wamp64\\www\\fxbrokeview\\core\\vendor\\laravel\\framework\\src\\Illuminate\\Foundation\\Http\\Kernel.php(160): Illuminate\\Foundation\\Http\\Kernel->bootstrap()
#23 D:\\wamp64\\www\\fxbrokeview\\core\\vendor\\laravel\\framework\\src\\Illuminate\\Foundation\\Http\\Kernel.php(134): Illuminate\\Foundation\\Http\\Kernel->sendRequestThroughRouter(Object(Illuminate\\Http\\Request))
#24 D:\\wamp64\\www\\fxbrokeview\\index.php(52): Illuminate\\Foundation\\Http\\Kernel->handle(Object(Illuminate\\Http\\Request))
#25 {main}

[previous exception] [object] (PDOException(code: 1045): SQLSTATE[HY000] [1045] Access denied for user 'fxbrizdp_newfxbusr'@'localhost' (using password: YES) at D:\\wamp64\\www\\fxbrokeview\\core\\vendor\\laravel\\framework\\src\\Illuminate\\Database\\Connectors\\Connector.php:70)
[stacktrace]
#0 D:\\wamp64\\www\\fxbrokeview\\core\\vendor\\laravel\\framework\\src\\Illuminate\\Database\\Connectors\\Connector.php(70): PDO->__construct('mysql:host=loca...', 'fxbrizdp_newfxb...', 'K)0k,+C$IfRjNMR', Array)
#1 D:\\wamp64\\www\\fxbrokeview\\core\\vendor\\laravel\\framework\\src\\Illuminate\\Database\\Connectors\\Connector.php(46): Illuminate\\Database\\Connectors\\Connector->createPdoConnection('mysql:host=loca...', 'fxbrizdp_newfxb...', 'K)0k,+C$IfRjNMR', Array)
#2 D:\\wamp64\\www\\fxbrokeview\\core\\vendor\\laravel\\framework\\src\\Illuminate\\Database\\Connectors\\MySqlConnector.php(24): Illuminate\\Database\\Connectors\\Connector->createConnection('mysql:host=loca...', Array, Array)
#3 D:\\wamp64\\www\\fxbrokeview\\core\\vendor\\laravel\\framework\\src\\Illuminate\\Database\\Connectors\\ConnectionFactory.php(184): Illuminate\\Database\\Connectors\\MySqlConnector->connect(Array)
#4 [internal function]: Illuminate\\Database\\Connectors\\ConnectionFactory->Illuminate\\Database\\Connectors\\{closure}()
#5 D:\\wamp64\\www\\fxbrokeview\\core\\vendor\\laravel\\framework\\src\\Illuminate\\Database\\Connection.php(1169): call_user_func(Object(Closure))
#6 D:\\wamp64\\www\\fxbrokeview\\core\\vendor\\laravel\\framework\\src\\Illuminate\\Database\\Connection.php(1205): Illuminate\\Database\\Connection->getPdo()
#7 D:\\wamp64\\www\\fxbrokeview\\core\\vendor\\laravel\\framework\\src\\Illuminate\\Database\\Connection.php(485): Illuminate\\Database\\Connection->getReadPdo()
#8 D:\\wamp64\\www\\fxbrokeview\\core\\vendor\\laravel\\framework\\src\\Illuminate\\Database\\Connection.php(413): Illuminate\\Database\\Connection->getPdoForSelect(true)
#9 D:\\wamp64\\www\\fxbrokeview\\core\\vendor\\laravel\\framework\\src\\Illuminate\\Database\\Connection.php(752): Illuminate\\Database\\Connection->Illuminate\\Database\\{closure}('select * from `...', Array)
#10 D:\\wamp64\\www\\fxbrokeview\\core\\vendor\\laravel\\framework\\src\\Illuminate\\Database\\Connection.php(719): Illuminate\\Database\\Connection->runQueryCallback('select * from `...', Array, Object(Closure))
#11 D:\\wamp64\\www\\fxbrokeview\\core\\vendor\\laravel\\framework\\src\\Illuminate\\Database\\Connection.php(421): Illuminate\\Database\\Connection->run('select * from `...', Array, Object(Closure))
#12 D:\\wamp64\\www\\fxbrokeview\\core\\vendor\\laravel\\framework\\src\\Illuminate\\Database\\Query\\Builder.php(2636): Illuminate\\Database\\Connection->select('select * from `...', Array, true)
#13 D:\\wamp64\\www\\fxbrokeview\\core\\vendor\\laravel\\framework\\src\\Illuminate\\Database\\Query\\Builder.php(2624): Illuminate\\Database\\Query\\Builder->runSelect()
#14 D:\\wamp64\\www\\fxbrokeview\\core\\vendor\\laravel\\framework\\src\\Illuminate\\Database\\Query\\Builder.php(3160): Illuminate\\Database\\Query\\Builder->Illuminate\\Database\\Query\\{closure}()
#15 D:\\wamp64\\www\\fxbrokeview\\core\\vendor\\laravel\\framework\\src\\Illuminate\\Database\\Query\\Builder.php(2625): Illuminate\\Database\\Query\\Builder->onceWithColumns(Array, Object(Closure))
#16 D:\\wamp64\\www\\fxbrokeview\\core\\vendor\\laravel\\framework\\src\\Illuminate\\Database\\Eloquent\\Builder.php(699): Illuminate\\Database\\Query\\Builder->get(Array)
#17 D:\\wamp64\\www\\fxbrokeview\\core\\vendor\\laravel\\framework\\src\\Illuminate\\Database\\Eloquent\\Builder.php(683): Illuminate\\Database\\Eloquent\\Builder->getModels(Array)
#18 D:\\wamp64\\www\\fxbrokeview\\core\\vendor\\laravel\\framework\\src\\Illuminate\\Database\\Eloquent\\Model.php(632): Illuminate\\Database\\Eloquent\\Builder->get(Array)
#19 D:\\wamp64\\www\\fxbrokeview\\core\\app\\Providers\\AppServiceProvider.php(40): Illuminate\\Database\\Eloquent\\Model::all()
#20 D:\\wamp64\\www\\fxbrokeview\\core\\vendor\\laravel\\framework\\src\\Illuminate\\Container\\BoundMethod.php(36): App\\Providers\\AppServiceProvider->boot()
#21 D:\\wamp64\\www\\fxbrokeview\\core\\vendor\\laravel\\framework\\src\\Illuminate\\Container\\Util.php(41): Illuminate\\Container\\BoundMethod::Illuminate\\Container\\{closure}()
#22 D:\\wamp64\\www\\fxbrokeview\\core\\vendor\\laravel\\framework\\src\\Illuminate\\Container\\BoundMethod.php(93): Illuminate\\Container\\Util::unwrapIfClosure(Object(Closure))
#23 D:\\wamp64\\www\\fxbrokeview\\core\\vendor\\laravel\\framework\\src\\Illuminate\\Container\\BoundMethod.php(37): Illuminate\\Container\\BoundMethod::callBoundMethod(Object(Illuminate\\Foundation\\Application), Array, Object(Closure))
#24 D:\\wamp64\\www\\fxbrokeview\\core\\vendor\\laravel\\framework\\src\\Illuminate\\Container\\Container.php(651): Illuminate\\Container\\BoundMethod::call(Object(Illuminate\\Foundation\\Application), Array, Array, NULL)
#25 D:\\wamp64\\www\\fxbrokeview\\core\\vendor\\laravel\\framework\\src\\Illuminate\\Foundation\\Application.php(933): Illuminate\\Container\\Container->call(Array)
#26 D:\\wamp64\\www\\fxbrokeview\\core\\vendor\\laravel\\framework\\src\\Illuminate\\Foundation\\Application.php(914): Illuminate\\Foundation\\Application->bootProvider(Object(App\\Providers\\AppServiceProvider))
#27 [internal function]: Illuminate\\Foundation\\Application->Illuminate\\Foundation\\{closure}(Object(App\\Providers\\AppServiceProvider), 22)
#28 D:\\wamp64\\www\\fxbrokeview\\core\\vendor\\laravel\\framework\\src\\Illuminate\\Foundation\\Application.php(915): array_walk(Array, Object(Closure))
#29 D:\\wamp64\\www\\fxbrokeview\\core\\vendor\\laravel\\framework\\src\\Illuminate\\Foundation\\Bootstrap\\BootProviders.php(17): Illuminate\\Foundation\\Application->boot()
#30 D:\\wamp64\\www\\fxbrokeview\\core\\vendor\\laravel\\framework\\src\\Illuminate\\Foundation\\Application.php(242): Illuminate\\Foundation\\Bootstrap\\BootProviders->bootstrap(Object(Illuminate\\Foundation\\Application))
#31 D:\\wamp64\\www\\fxbrokeview\\core\\vendor\\laravel\\framework\\src\\Illuminate\\Foundation\\Http\\Kernel.php(176): Illuminate\\Foundation\\Application->bootstrapWith(Array)
#32 D:\\wamp64\\www\\fxbrokeview\\core\\vendor\\laravel\\framework\\src\\Illuminate\\Foundation\\Http\\Kernel.php(160): Illuminate\\Foundation\\Http\\Kernel->bootstrap()
#33 D:\\wamp64\\www\\fxbrokeview\\core\\vendor\\laravel\\framework\\src\\Illuminate\\Foundation\\Http\\Kernel.php(134): Illuminate\\Foundation\\Http\\Kernel->sendRequestThroughRouter(Object(Illuminate\\Http\\Request))
#34 D:\\wamp64\\www\\fxbrokeview\\index.php(52): Illuminate\\Foundation\\Http\\Kernel->handle(Object(Illuminate\\Http\\Request))
#35 {main}
"} 
[2023-11-13 10:11:07] production.ERROR: SQLSTATE[HY000] [1045] Access denied for user 'fxbrizdp_newfxbusr'@'localhost' (using password: YES) (SQL: select * from `languages`) {"exception":"[object] (Illuminate\\Database\\QueryException(code: 1045): SQLSTATE[HY000] [1045] Access denied for user 'fxbrizdp_newfxbusr'@'localhost' (using password: YES) (SQL: select * from `languages`) at D:\\wamp64\\www\\fxbrokeview\\core\\vendor\\laravel\\framework\\src\\Illuminate\\Database\\Connection.php:759)
[stacktrace]
#0 D:\\wamp64\\www\\fxbrokeview\\core\\vendor\\laravel\\framework\\src\\Illuminate\\Database\\Connection.php(719): Illuminate\\Database\\Connection->runQueryCallback('select * from `...', Array, Object(Closure))
#1 D:\\wamp64\\www\\fxbrokeview\\core\\vendor\\laravel\\framework\\src\\Illuminate\\Database\\Connection.php(421): Illuminate\\Database\\Connection->run('select * from `...', Array, Object(Closure))
#2 D:\\wamp64\\www\\fxbrokeview\\core\\vendor\\laravel\\framework\\src\\Illuminate\\Database\\Query\\Builder.php(2636): Illuminate\\Database\\Connection->select('select * from `...', Array, true)
#3 D:\\wamp64\\www\\fxbrokeview\\core\\vendor\\laravel\\framework\\src\\Illuminate\\Database\\Query\\Builder.php(2624): Illuminate\\Database\\Query\\Builder->runSelect()
#4 D:\\wamp64\\www\\fxbrokeview\\core\\vendor\\laravel\\framework\\src\\Illuminate\\Database\\Query\\Builder.php(3160): Illuminate\\Database\\Query\\Builder->Illuminate\\Database\\Query\\{closure}()
#5 D:\\wamp64\\www\\fxbrokeview\\core\\vendor\\laravel\\framework\\src\\Illuminate\\Database\\Query\\Builder.php(2625): Illuminate\\Database\\Query\\Builder->onceWithColumns(Array, Object(Closure))
#6 D:\\wamp64\\www\\fxbrokeview\\core\\vendor\\laravel\\framework\\src\\Illuminate\\Database\\Eloquent\\Builder.php(699): Illuminate\\Database\\Query\\Builder->get(Array)
#7 D:\\wamp64\\www\\fxbrokeview\\core\\vendor\\laravel\\framework\\src\\Illuminate\\Database\\Eloquent\\Builder.php(683): Illuminate\\Database\\Eloquent\\Builder->getModels(Array)
#8 D:\\wamp64\\www\\fxbrokeview\\core\\vendor\\laravel\\framework\\src\\Illuminate\\Database\\Eloquent\\Model.php(632): Illuminate\\Database\\Eloquent\\Builder->get(Array)
#9 D:\\wamp64\\www\\fxbrokeview\\core\\app\\Providers\\AppServiceProvider.php(40): Illuminate\\Database\\Eloquent\\Model::all()
#10 D:\\wamp64\\www\\fxbrokeview\\core\\vendor\\laravel\\framework\\src\\Illuminate\\Container\\BoundMethod.php(36): App\\Providers\\AppServiceProvider->boot()
#11 D:\\wamp64\\www\\fxbrokeview\\core\\vendor\\laravel\\framework\\src\\Illuminate\\Container\\Util.php(41): Illuminate\\Container\\BoundMethod::Illuminate\\Container\\{closure}()
#12 D:\\wamp64\\www\\fxbrokeview\\core\\vendor\\laravel\\framework\\src\\Illuminate\\Container\\BoundMethod.php(93): Illuminate\\Container\\Util::unwrapIfClosure(Object(Closure))
#13 D:\\wamp64\\www\\fxbrokeview\\core\\vendor\\laravel\\framework\\src\\Illuminate\\Container\\BoundMethod.php(37): Illuminate\\Container\\BoundMethod::callBoundMethod(Object(Illuminate\\Foundation\\Application), Array, Object(Closure))
#14 D:\\wamp64\\www\\fxbrokeview\\core\\vendor\\laravel\\framework\\src\\Illuminate\\Container\\Container.php(651): Illuminate\\Container\\BoundMethod::call(Object(Illuminate\\Foundation\\Application), Array, Array, NULL)
#15 D:\\wamp64\\www\\fxbrokeview\\core\\vendor\\laravel\\framework\\src\\Illuminate\\Foundation\\Application.php(933): Illuminate\\Container\\Container->call(Array)
#16 D:\\wamp64\\www\\fxbrokeview\\core\\vendor\\laravel\\framework\\src\\Illuminate\\Foundation\\Application.php(914): Illuminate\\Foundation\\Application->bootProvider(Object(App\\Providers\\AppServiceProvider))
#17 [internal function]: Illuminate\\Foundation\\Application->Illuminate\\Foundation\\{closure}(Object(App\\Providers\\AppServiceProvider), 22)
#18 D:\\wamp64\\www\\fxbrokeview\\core\\vendor\\laravel\\framework\\src\\Illuminate\\Foundation\\Application.php(915): array_walk(Array, Object(Closure))
#19 D:\\wamp64\\www\\fxbrokeview\\core\\vendor\\laravel\\framework\\src\\Illuminate\\Foundation\\Bootstrap\\BootProviders.php(17): Illuminate\\Foundation\\Application->boot()
#20 D:\\wamp64\\www\\fxbrokeview\\core\\vendor\\laravel\\framework\\src\\Illuminate\\Foundation\\Application.php(242): Illuminate\\Foundation\\Bootstrap\\BootProviders->bootstrap(Object(Illuminate\\Foundation\\Application))
#21 D:\\wamp64\\www\\fxbrokeview\\core\\vendor\\laravel\\framework\\src\\Illuminate\\Foundation\\Http\\Kernel.php(176): Illuminate\\Foundation\\Application->bootstrapWith(Array)
#22 D:\\wamp64\\www\\fxbrokeview\\core\\vendor\\laravel\\framework\\src\\Illuminate\\Foundation\\Http\\Kernel.php(160): Illuminate\\Foundation\\Http\\Kernel->bootstrap()
#23 D:\\wamp64\\www\\fxbrokeview\\core\\vendor\\laravel\\framework\\src\\Illuminate\\Foundation\\Http\\Kernel.php(134): Illuminate\\Foundation\\Http\\Kernel->sendRequestThroughRouter(Object(Illuminate\\Http\\Request))
#24 D:\\wamp64\\www\\fxbrokeview\\index.php(52): Illuminate\\Foundation\\Http\\Kernel->handle(Object(Illuminate\\Http\\Request))
#25 {main}

[previous exception] [object] (PDOException(code: 1045): SQLSTATE[HY000] [1045] Access denied for user 'fxbrizdp_newfxbusr'@'localhost' (using password: YES) at D:\\wamp64\\www\\fxbrokeview\\core\\vendor\\laravel\\framework\\src\\Illuminate\\Database\\Connectors\\Connector.php:70)
[stacktrace]
#0 D:\\wamp64\\www\\fxbrokeview\\core\\vendor\\laravel\\framework\\src\\Illuminate\\Database\\Connectors\\Connector.php(70): PDO->__construct('mysql:host=loca...', 'fxbrizdp_newfxb...', 'K)0k,+C$IfRjNMR', Array)
#1 D:\\wamp64\\www\\fxbrokeview\\core\\vendor\\laravel\\framework\\src\\Illuminate\\Database\\Connectors\\Connector.php(46): Illuminate\\Database\\Connectors\\Connector->createPdoConnection('mysql:host=loca...', 'fxbrizdp_newfxb...', 'K)0k,+C$IfRjNMR', Array)
#2 D:\\wamp64\\www\\fxbrokeview\\core\\vendor\\laravel\\framework\\src\\Illuminate\\Database\\Connectors\\MySqlConnector.php(24): Illuminate\\Database\\Connectors\\Connector->createConnection('mysql:host=loca...', Array, Array)
#3 D:\\wamp64\\www\\fxbrokeview\\core\\vendor\\laravel\\framework\\src\\Illuminate\\Database\\Connectors\\ConnectionFactory.php(184): Illuminate\\Database\\Connectors\\MySqlConnector->connect(Array)
#4 [internal function]: Illuminate\\Database\\Connectors\\ConnectionFactory->Illuminate\\Database\\Connectors\\{closure}()
#5 D:\\wamp64\\www\\fxbrokeview\\core\\vendor\\laravel\\framework\\src\\Illuminate\\Database\\Connection.php(1169): call_user_func(Object(Closure))
#6 D:\\wamp64\\www\\fxbrokeview\\core\\vendor\\laravel\\framework\\src\\Illuminate\\Database\\Connection.php(1205): Illuminate\\Database\\Connection->getPdo()
#7 D:\\wamp64\\www\\fxbrokeview\\core\\vendor\\laravel\\framework\\src\\Illuminate\\Database\\Connection.php(485): Illuminate\\Database\\Connection->getReadPdo()
#8 D:\\wamp64\\www\\fxbrokeview\\core\\vendor\\laravel\\framework\\src\\Illuminate\\Database\\Connection.php(413): Illuminate\\Database\\Connection->getPdoForSelect(true)
#9 D:\\wamp64\\www\\fxbrokeview\\core\\vendor\\laravel\\framework\\src\\Illuminate\\Database\\Connection.php(752): Illuminate\\Database\\Connection->Illuminate\\Database\\{closure}('select * from `...', Array)
#10 D:\\wamp64\\www\\fxbrokeview\\core\\vendor\\laravel\\framework\\src\\Illuminate\\Database\\Connection.php(719): Illuminate\\Database\\Connection->runQueryCallback('select * from `...', Array, Object(Closure))
#11 D:\\wamp64\\www\\fxbrokeview\\core\\vendor\\laravel\\framework\\src\\Illuminate\\Database\\Connection.php(421): Illuminate\\Database\\Connection->run('select * from `...', Array, Object(Closure))
#12 D:\\wamp64\\www\\fxbrokeview\\core\\vendor\\laravel\\framework\\src\\Illuminate\\Database\\Query\\Builder.php(2636): Illuminate\\Database\\Connection->select('select * from `...', Array, true)
#13 D:\\wamp64\\www\\fxbrokeview\\core\\vendor\\laravel\\framework\\src\\Illuminate\\Database\\Query\\Builder.php(2624): Illuminate\\Database\\Query\\Builder->runSelect()
#14 D:\\wamp64\\www\\fxbrokeview\\core\\vendor\\laravel\\framework\\src\\Illuminate\\Database\\Query\\Builder.php(3160): Illuminate\\Database\\Query\\Builder->Illuminate\\Database\\Query\\{closure}()
#15 D:\\wamp64\\www\\fxbrokeview\\core\\vendor\\laravel\\framework\\src\\Illuminate\\Database\\Query\\Builder.php(2625): Illuminate\\Database\\Query\\Builder->onceWithColumns(Array, Object(Closure))
#16 D:\\wamp64\\www\\fxbrokeview\\core\\vendor\\laravel\\framework\\src\\Illuminate\\Database\\Eloquent\\Builder.php(699): Illuminate\\Database\\Query\\Builder->get(Array)
#17 D:\\wamp64\\www\\fxbrokeview\\core\\vendor\\laravel\\framework\\src\\Illuminate\\Database\\Eloquent\\Builder.php(683): Illuminate\\Database\\Eloquent\\Builder->getModels(Array)
#18 D:\\wamp64\\www\\fxbrokeview\\core\\vendor\\laravel\\framework\\src\\Illuminate\\Database\\Eloquent\\Model.php(632): Illuminate\\Database\\Eloquent\\Builder->get(Array)
#19 D:\\wamp64\\www\\fxbrokeview\\core\\app\\Providers\\AppServiceProvider.php(40): Illuminate\\Database\\Eloquent\\Model::all()
#20 D:\\wamp64\\www\\fxbrokeview\\core\\vendor\\laravel\\framework\\src\\Illuminate\\Container\\BoundMethod.php(36): App\\Providers\\AppServiceProvider->boot()
#21 D:\\wamp64\\www\\fxbrokeview\\core\\vendor\\laravel\\framework\\src\\Illuminate\\Container\\Util.php(41): Illuminate\\Container\\BoundMethod::Illuminate\\Container\\{closure}()
#22 D:\\wamp64\\www\\fxbrokeview\\core\\vendor\\laravel\\framework\\src\\Illuminate\\Container\\BoundMethod.php(93): Illuminate\\Container\\Util::unwrapIfClosure(Object(Closure))
#23 D:\\wamp64\\www\\fxbrokeview\\core\\vendor\\laravel\\framework\\src\\Illuminate\\Container\\BoundMethod.php(37): Illuminate\\Container\\BoundMethod::callBoundMethod(Object(Illuminate\\Foundation\\Application), Array, Object(Closure))
#24 D:\\wamp64\\www\\fxbrokeview\\core\\vendor\\laravel\\framework\\src\\Illuminate\\Container\\Container.php(651): Illuminate\\Container\\BoundMethod::call(Object(Illuminate\\Foundation\\Application), Array, Array, NULL)
#25 D:\\wamp64\\www\\fxbrokeview\\core\\vendor\\laravel\\framework\\src\\Illuminate\\Foundation\\Application.php(933): Illuminate\\Container\\Container->call(Array)
#26 D:\\wamp64\\www\\fxbrokeview\\core\\vendor\\laravel\\framework\\src\\Illuminate\\Foundation\\Application.php(914): Illuminate\\Foundation\\Application->bootProvider(Object(App\\Providers\\AppServiceProvider))
#27 [internal function]: Illuminate\\Foundation\\Application->Illuminate\\Foundation\\{closure}(Object(App\\Providers\\AppServiceProvider), 22)
#28 D:\\wamp64\\www\\fxbrokeview\\core\\vendor\\laravel\\framework\\src\\Illuminate\\Foundation\\Application.php(915): array_walk(Array, Object(Closure))
#29 D:\\wamp64\\www\\fxbrokeview\\core\\vendor\\laravel\\framework\\src\\Illuminate\\Foundation\\Bootstrap\\BootProviders.php(17): Illuminate\\Foundation\\Application->boot()
#30 D:\\wamp64\\www\\fxbrokeview\\core\\vendor\\laravel\\framework\\src\\Illuminate\\Foundation\\Application.php(242): Illuminate\\Foundation\\Bootstrap\\BootProviders->bootstrap(Object(Illuminate\\Foundation\\Application))
#31 D:\\wamp64\\www\\fxbrokeview\\core\\vendor\\laravel\\framework\\src\\Illuminate\\Foundation\\Http\\Kernel.php(176): Illuminate\\Foundation\\Application->bootstrapWith(Array)
#32 D:\\wamp64\\www\\fxbrokeview\\core\\vendor\\laravel\\framework\\src\\Illuminate\\Foundation\\Http\\Kernel.php(160): Illuminate\\Foundation\\Http\\Kernel->bootstrap()
#33 D:\\wamp64\\www\\fxbrokeview\\core\\vendor\\laravel\\framework\\src\\Illuminate\\Foundation\\Http\\Kernel.php(134): Illuminate\\Foundation\\Http\\Kernel->sendRequestThroughRouter(Object(Illuminate\\Http\\Request))
#34 D:\\wamp64\\www\\fxbrokeview\\index.php(52): Illuminate\\Foundation\\Http\\Kernel->handle(Object(Illuminate\\Http\\Request))
#35 {main}
"} 
[2023-11-14 09:12:59] production.ERROR: SQLSTATE[HY000] [1045] Access denied for user 'fxbrizdp_newfxbusr'@'localhost' (using password: YES) (SQL: select * from `languages`) {"exception":"[object] (Illuminate\\Database\\QueryException(code: 1045): SQLSTATE[HY000] [1045] Access denied for user 'fxbrizdp_newfxbusr'@'localhost' (using password: YES) (SQL: select * from `languages`) at D:\\wamp64\\www\\fxbrokeview\\core\\vendor\\laravel\\framework\\src\\Illuminate\\Database\\Connection.php:759)
[stacktrace]
#0 D:\\wamp64\\www\\fxbrokeview\\core\\vendor\\laravel\\framework\\src\\Illuminate\\Database\\Connection.php(719): Illuminate\\Database\\Connection->runQueryCallback('select * from `...', Array, Object(Closure))
#1 D:\\wamp64\\www\\fxbrokeview\\core\\vendor\\laravel\\framework\\src\\Illuminate\\Database\\Connection.php(421): Illuminate\\Database\\Connection->run('select * from `...', Array, Object(Closure))
#2 D:\\wamp64\\www\\fxbrokeview\\core\\vendor\\laravel\\framework\\src\\Illuminate\\Database\\Query\\Builder.php(2636): Illuminate\\Database\\Connection->select('select * from `...', Array, true)
#3 D:\\wamp64\\www\\fxbrokeview\\core\\vendor\\laravel\\framework\\src\\Illuminate\\Database\\Query\\Builder.php(2624): Illuminate\\Database\\Query\\Builder->runSelect()
#4 D:\\wamp64\\www\\fxbrokeview\\core\\vendor\\laravel\\framework\\src\\Illuminate\\Database\\Query\\Builder.php(3160): Illuminate\\Database\\Query\\Builder->Illuminate\\Database\\Query\\{closure}()
#5 D:\\wamp64\\www\\fxbrokeview\\core\\vendor\\laravel\\framework\\src\\Illuminate\\Database\\Query\\Builder.php(2625): Illuminate\\Database\\Query\\Builder->onceWithColumns(Array, Object(Closure))
#6 D:\\wamp64\\www\\fxbrokeview\\core\\vendor\\laravel\\framework\\src\\Illuminate\\Database\\Eloquent\\Builder.php(699): Illuminate\\Database\\Query\\Builder->get(Array)
#7 D:\\wamp64\\www\\fxbrokeview\\core\\vendor\\laravel\\framework\\src\\Illuminate\\Database\\Eloquent\\Builder.php(683): Illuminate\\Database\\Eloquent\\Builder->getModels(Array)
#8 D:\\wamp64\\www\\fxbrokeview\\core\\vendor\\laravel\\framework\\src\\Illuminate\\Database\\Eloquent\\Model.php(632): Illuminate\\Database\\Eloquent\\Builder->get(Array)
#9 D:\\wamp64\\www\\fxbrokeview\\core\\app\\Providers\\AppServiceProvider.php(40): Illuminate\\Database\\Eloquent\\Model::all()
#10 D:\\wamp64\\www\\fxbrokeview\\core\\vendor\\laravel\\framework\\src\\Illuminate\\Container\\BoundMethod.php(36): App\\Providers\\AppServiceProvider->boot()
#11 D:\\wamp64\\www\\fxbrokeview\\core\\vendor\\laravel\\framework\\src\\Illuminate\\Container\\Util.php(41): Illuminate\\Container\\BoundMethod::Illuminate\\Container\\{closure}()
#12 D:\\wamp64\\www\\fxbrokeview\\core\\vendor\\laravel\\framework\\src\\Illuminate\\Container\\BoundMethod.php(93): Illuminate\\Container\\Util::unwrapIfClosure(Object(Closure))
#13 D:\\wamp64\\www\\fxbrokeview\\core\\vendor\\laravel\\framework\\src\\Illuminate\\Container\\BoundMethod.php(37): Illuminate\\Container\\BoundMethod::callBoundMethod(Object(Illuminate\\Foundation\\Application), Array, Object(Closure))
#14 D:\\wamp64\\www\\fxbrokeview\\core\\vendor\\laravel\\framework\\src\\Illuminate\\Container\\Container.php(651): Illuminate\\Container\\BoundMethod::call(Object(Illuminate\\Foundation\\Application), Array, Array, NULL)
#15 D:\\wamp64\\www\\fxbrokeview\\core\\vendor\\laravel\\framework\\src\\Illuminate\\Foundation\\Application.php(933): Illuminate\\Container\\Container->call(Array)
#16 D:\\wamp64\\www\\fxbrokeview\\core\\vendor\\laravel\\framework\\src\\Illuminate\\Foundation\\Application.php(914): Illuminate\\Foundation\\Application->bootProvider(Object(App\\Providers\\AppServiceProvider))
#17 [internal function]: Illuminate\\Foundation\\Application->Illuminate\\Foundation\\{closure}(Object(App\\Providers\\AppServiceProvider), 22)
#18 D:\\wamp64\\www\\fxbrokeview\\core\\vendor\\laravel\\framework\\src\\Illuminate\\Foundation\\Application.php(915): array_walk(Array, Object(Closure))
#19 D:\\wamp64\\www\\fxbrokeview\\core\\vendor\\laravel\\framework\\src\\Illuminate\\Foundation\\Bootstrap\\BootProviders.php(17): Illuminate\\Foundation\\Application->boot()
#20 D:\\wamp64\\www\\fxbrokeview\\core\\vendor\\laravel\\framework\\src\\Illuminate\\Foundation\\Application.php(242): Illuminate\\Foundation\\Bootstrap\\BootProviders->bootstrap(Object(Illuminate\\Foundation\\Application))
#21 D:\\wamp64\\www\\fxbrokeview\\core\\vendor\\laravel\\framework\\src\\Illuminate\\Foundation\\Http\\Kernel.php(176): Illuminate\\Foundation\\Application->bootstrapWith(Array)
#22 D:\\wamp64\\www\\fxbrokeview\\core\\vendor\\laravel\\framework\\src\\Illuminate\\Foundation\\Http\\Kernel.php(160): Illuminate\\Foundation\\Http\\Kernel->bootstrap()
#23 D:\\wamp64\\www\\fxbrokeview\\core\\vendor\\laravel\\framework\\src\\Illuminate\\Foundation\\Http\\Kernel.php(134): Illuminate\\Foundation\\Http\\Kernel->sendRequestThroughRouter(Object(Illuminate\\Http\\Request))
#24 D:\\wamp64\\www\\fxbrokeview\\index.php(52): Illuminate\\Foundation\\Http\\Kernel->handle(Object(Illuminate\\Http\\Request))
#25 {main}

[previous exception] [object] (PDOException(code: 1045): SQLSTATE[HY000] [1045] Access denied for user 'fxbrizdp_newfxbusr'@'localhost' (using password: YES) at D:\\wamp64\\www\\fxbrokeview\\core\\vendor\\laravel\\framework\\src\\Illuminate\\Database\\Connectors\\Connector.php:70)
[stacktrace]
#0 D:\\wamp64\\www\\fxbrokeview\\core\\vendor\\laravel\\framework\\src\\Illuminate\\Database\\Connectors\\Connector.php(70): PDO->__construct('mysql:host=loca...', 'fxbrizdp_newfxb...', 'K)0k,+C$IfRjNMR', Array)
#1 D:\\wamp64\\www\\fxbrokeview\\core\\vendor\\laravel\\framework\\src\\Illuminate\\Database\\Connectors\\Connector.php(46): Illuminate\\Database\\Connectors\\Connector->createPdoConnection('mysql:host=loca...', 'fxbrizdp_newfxb...', 'K)0k,+C$IfRjNMR', Array)
#2 D:\\wamp64\\www\\fxbrokeview\\core\\vendor\\laravel\\framework\\src\\Illuminate\\Database\\Connectors\\MySqlConnector.php(24): Illuminate\\Database\\Connectors\\Connector->createConnection('mysql:host=loca...', Array, Array)
#3 D:\\wamp64\\www\\fxbrokeview\\core\\vendor\\laravel\\framework\\src\\Illuminate\\Database\\Connectors\\ConnectionFactory.php(184): Illuminate\\Database\\Connectors\\MySqlConnector->connect(Array)
#4 [internal function]: Illuminate\\Database\\Connectors\\ConnectionFactory->Illuminate\\Database\\Connectors\\{closure}()
#5 D:\\wamp64\\www\\fxbrokeview\\core\\vendor\\laravel\\framework\\src\\Illuminate\\Database\\Connection.php(1169): call_user_func(Object(Closure))
#6 D:\\wamp64\\www\\fxbrokeview\\core\\vendor\\laravel\\framework\\src\\Illuminate\\Database\\Connection.php(1205): Illuminate\\Database\\Connection->getPdo()
#7 D:\\wamp64\\www\\fxbrokeview\\core\\vendor\\laravel\\framework\\src\\Illuminate\\Database\\Connection.php(485): Illuminate\\Database\\Connection->getReadPdo()
#8 D:\\wamp64\\www\\fxbrokeview\\core\\vendor\\laravel\\framework\\src\\Illuminate\\Database\\Connection.php(413): Illuminate\\Database\\Connection->getPdoForSelect(true)
#9 D:\\wamp64\\www\\fxbrokeview\\core\\vendor\\laravel\\framework\\src\\Illuminate\\Database\\Connection.php(752): Illuminate\\Database\\Connection->Illuminate\\Database\\{closure}('select * from `...', Array)
#10 D:\\wamp64\\www\\fxbrokeview\\core\\vendor\\laravel\\framework\\src\\Illuminate\\Database\\Connection.php(719): Illuminate\\Database\\Connection->runQueryCallback('select * from `...', Array, Object(Closure))
#11 D:\\wamp64\\www\\fxbrokeview\\core\\vendor\\laravel\\framework\\src\\Illuminate\\Database\\Connection.php(421): Illuminate\\Database\\Connection->run('select * from `...', Array, Object(Closure))
#12 D:\\wamp64\\www\\fxbrokeview\\core\\vendor\\laravel\\framework\\src\\Illuminate\\Database\\Query\\Builder.php(2636): Illuminate\\Database\\Connection->select('select * from `...', Array, true)
#13 D:\\wamp64\\www\\fxbrokeview\\core\\vendor\\laravel\\framework\\src\\Illuminate\\Database\\Query\\Builder.php(2624): Illuminate\\Database\\Query\\Builder->runSelect()
#14 D:\\wamp64\\www\\fxbrokeview\\core\\vendor\\laravel\\framework\\src\\Illuminate\\Database\\Query\\Builder.php(3160): Illuminate\\Database\\Query\\Builder->Illuminate\\Database\\Query\\{closure}()
#15 D:\\wamp64\\www\\fxbrokeview\\core\\vendor\\laravel\\framework\\src\\Illuminate\\Database\\Query\\Builder.php(2625): Illuminate\\Database\\Query\\Builder->onceWithColumns(Array, Object(Closure))
#16 D:\\wamp64\\www\\fxbrokeview\\core\\vendor\\laravel\\framework\\src\\Illuminate\\Database\\Eloquent\\Builder.php(699): Illuminate\\Database\\Query\\Builder->get(Array)
#17 D:\\wamp64\\www\\fxbrokeview\\core\\vendor\\laravel\\framework\\src\\Illuminate\\Database\\Eloquent\\Builder.php(683): Illuminate\\Database\\Eloquent\\Builder->getModels(Array)
#18 D:\\wamp64\\www\\fxbrokeview\\core\\vendor\\laravel\\framework\\src\\Illuminate\\Database\\Eloquent\\Model.php(632): Illuminate\\Database\\Eloquent\\Builder->get(Array)
#19 D:\\wamp64\\www\\fxbrokeview\\core\\app\\Providers\\AppServiceProvider.php(40): Illuminate\\Database\\Eloquent\\Model::all()
#20 D:\\wamp64\\www\\fxbrokeview\\core\\vendor\\laravel\\framework\\src\\Illuminate\\Container\\BoundMethod.php(36): App\\Providers\\AppServiceProvider->boot()
#21 D:\\wamp64\\www\\fxbrokeview\\core\\vendor\\laravel\\framework\\src\\Illuminate\\Container\\Util.php(41): Illuminate\\Container\\BoundMethod::Illuminate\\Container\\{closure}()
#22 D:\\wamp64\\www\\fxbrokeview\\core\\vendor\\laravel\\framework\\src\\Illuminate\\Container\\BoundMethod.php(93): Illuminate\\Container\\Util::unwrapIfClosure(Object(Closure))
#23 D:\\wamp64\\www\\fxbrokeview\\core\\vendor\\laravel\\framework\\src\\Illuminate\\Container\\BoundMethod.php(37): Illuminate\\Container\\BoundMethod::callBoundMethod(Object(Illuminate\\Foundation\\Application), Array, Object(Closure))
#24 D:\\wamp64\\www\\fxbrokeview\\core\\vendor\\laravel\\framework\\src\\Illuminate\\Container\\Container.php(651): Illuminate\\Container\\BoundMethod::call(Object(Illuminate\\Foundation\\Application), Array, Array, NULL)
#25 D:\\wamp64\\www\\fxbrokeview\\core\\vendor\\laravel\\framework\\src\\Illuminate\\Foundation\\Application.php(933): Illuminate\\Container\\Container->call(Array)
#26 D:\\wamp64\\www\\fxbrokeview\\core\\vendor\\laravel\\framework\\src\\Illuminate\\Foundation\\Application.php(914): Illuminate\\Foundation\\Application->bootProvider(Object(App\\Providers\\AppServiceProvider))
#27 [internal function]: Illuminate\\Foundation\\Application->Illuminate\\Foundation\\{closure}(Object(App\\Providers\\AppServiceProvider), 22)
#28 D:\\wamp64\\www\\fxbrokeview\\core\\vendor\\laravel\\framework\\src\\Illuminate\\Foundation\\Application.php(915): array_walk(Array, Object(Closure))
#29 D:\\wamp64\\www\\fxbrokeview\\core\\vendor\\laravel\\framework\\src\\Illuminate\\Foundation\\Bootstrap\\BootProviders.php(17): Illuminate\\Foundation\\Application->boot()
#30 D:\\wamp64\\www\\fxbrokeview\\core\\vendor\\laravel\\framework\\src\\Illuminate\\Foundation\\Application.php(242): Illuminate\\Foundation\\Bootstrap\\BootProviders->bootstrap(Object(Illuminate\\Foundation\\Application))
#31 D:\\wamp64\\www\\fxbrokeview\\core\\vendor\\laravel\\framework\\src\\Illuminate\\Foundation\\Http\\Kernel.php(176): Illuminate\\Foundation\\Application->bootstrapWith(Array)
#32 D:\\wamp64\\www\\fxbrokeview\\core\\vendor\\laravel\\framework\\src\\Illuminate\\Foundation\\Http\\Kernel.php(160): Illuminate\\Foundation\\Http\\Kernel->bootstrap()
#33 D:\\wamp64\\www\\fxbrokeview\\core\\vendor\\laravel\\framework\\src\\Illuminate\\Foundation\\Http\\Kernel.php(134): Illuminate\\Foundation\\Http\\Kernel->sendRequestThroughRouter(Object(Illuminate\\Http\\Request))
#34 D:\\wamp64\\www\\fxbrokeview\\index.php(52): Illuminate\\Foundation\\Http\\Kernel->handle(Object(Illuminate\\Http\\Request))
#35 {main}
"} 
[2023-11-14 09:13:08] production.ERROR: SQLSTATE[HY000] [1045] Access denied for user 'fxbrizdp_newfxbusr'@'localhost' (using password: YES) (SQL: select * from `languages`) {"exception":"[object] (Illuminate\\Database\\QueryException(code: 1045): SQLSTATE[HY000] [1045] Access denied for user 'fxbrizdp_newfxbusr'@'localhost' (using password: YES) (SQL: select * from `languages`) at D:\\wamp64\\www\\fxbrokeview\\core\\vendor\\laravel\\framework\\src\\Illuminate\\Database\\Connection.php:759)
[stacktrace]
#0 D:\\wamp64\\www\\fxbrokeview\\core\\vendor\\laravel\\framework\\src\\Illuminate\\Database\\Connection.php(719): Illuminate\\Database\\Connection->runQueryCallback('select * from `...', Array, Object(Closure))
#1 D:\\wamp64\\www\\fxbrokeview\\core\\vendor\\laravel\\framework\\src\\Illuminate\\Database\\Connection.php(421): Illuminate\\Database\\Connection->run('select * from `...', Array, Object(Closure))
#2 D:\\wamp64\\www\\fxbrokeview\\core\\vendor\\laravel\\framework\\src\\Illuminate\\Database\\Query\\Builder.php(2636): Illuminate\\Database\\Connection->select('select * from `...', Array, true)
#3 D:\\wamp64\\www\\fxbrokeview\\core\\vendor\\laravel\\framework\\src\\Illuminate\\Database\\Query\\Builder.php(2624): Illuminate\\Database\\Query\\Builder->runSelect()
#4 D:\\wamp64\\www\\fxbrokeview\\core\\vendor\\laravel\\framework\\src\\Illuminate\\Database\\Query\\Builder.php(3160): Illuminate\\Database\\Query\\Builder->Illuminate\\Database\\Query\\{closure}()
#5 D:\\wamp64\\www\\fxbrokeview\\core\\vendor\\laravel\\framework\\src\\Illuminate\\Database\\Query\\Builder.php(2625): Illuminate\\Database\\Query\\Builder->onceWithColumns(Array, Object(Closure))
#6 D:\\wamp64\\www\\fxbrokeview\\core\\vendor\\laravel\\framework\\src\\Illuminate\\Database\\Eloquent\\Builder.php(699): Illuminate\\Database\\Query\\Builder->get(Array)
#7 D:\\wamp64\\www\\fxbrokeview\\core\\vendor\\laravel\\framework\\src\\Illuminate\\Database\\Eloquent\\Builder.php(683): Illuminate\\Database\\Eloquent\\Builder->getModels(Array)
#8 D:\\wamp64\\www\\fxbrokeview\\core\\vendor\\laravel\\framework\\src\\Illuminate\\Database\\Eloquent\\Model.php(632): Illuminate\\Database\\Eloquent\\Builder->get(Array)
#9 D:\\wamp64\\www\\fxbrokeview\\core\\app\\Providers\\AppServiceProvider.php(40): Illuminate\\Database\\Eloquent\\Model::all()
#10 D:\\wamp64\\www\\fxbrokeview\\core\\vendor\\laravel\\framework\\src\\Illuminate\\Container\\BoundMethod.php(36): App\\Providers\\AppServiceProvider->boot()
#11 D:\\wamp64\\www\\fxbrokeview\\core\\vendor\\laravel\\framework\\src\\Illuminate\\Container\\Util.php(41): Illuminate\\Container\\BoundMethod::Illuminate\\Container\\{closure}()
#12 D:\\wamp64\\www\\fxbrokeview\\core\\vendor\\laravel\\framework\\src\\Illuminate\\Container\\BoundMethod.php(93): Illuminate\\Container\\Util::unwrapIfClosure(Object(Closure))
#13 D:\\wamp64\\www\\fxbrokeview\\core\\vendor\\laravel\\framework\\src\\Illuminate\\Container\\BoundMethod.php(37): Illuminate\\Container\\BoundMethod::callBoundMethod(Object(Illuminate\\Foundation\\Application), Array, Object(Closure))
#14 D:\\wamp64\\www\\fxbrokeview\\core\\vendor\\laravel\\framework\\src\\Illuminate\\Container\\Container.php(651): Illuminate\\Container\\BoundMethod::call(Object(Illuminate\\Foundation\\Application), Array, Array, NULL)
#15 D:\\wamp64\\www\\fxbrokeview\\core\\vendor\\laravel\\framework\\src\\Illuminate\\Foundation\\Application.php(933): Illuminate\\Container\\Container->call(Array)
#16 D:\\wamp64\\www\\fxbrokeview\\core\\vendor\\laravel\\framework\\src\\Illuminate\\Foundation\\Application.php(914): Illuminate\\Foundation\\Application->bootProvider(Object(App\\Providers\\AppServiceProvider))
#17 [internal function]: Illuminate\\Foundation\\Application->Illuminate\\Foundation\\{closure}(Object(App\\Providers\\AppServiceProvider), 22)
#18 D:\\wamp64\\www\\fxbrokeview\\core\\vendor\\laravel\\framework\\src\\Illuminate\\Foundation\\Application.php(915): array_walk(Array, Object(Closure))
#19 D:\\wamp64\\www\\fxbrokeview\\core\\vendor\\laravel\\framework\\src\\Illuminate\\Foundation\\Bootstrap\\BootProviders.php(17): Illuminate\\Foundation\\Application->boot()
#20 D:\\wamp64\\www\\fxbrokeview\\core\\vendor\\laravel\\framework\\src\\Illuminate\\Foundation\\Application.php(242): Illuminate\\Foundation\\Bootstrap\\BootProviders->bootstrap(Object(Illuminate\\Foundation\\Application))
#21 D:\\wamp64\\www\\fxbrokeview\\core\\vendor\\laravel\\framework\\src\\Illuminate\\Foundation\\Http\\Kernel.php(176): Illuminate\\Foundation\\Application->bootstrapWith(Array)
#22 D:\\wamp64\\www\\fxbrokeview\\core\\vendor\\laravel\\framework\\src\\Illuminate\\Foundation\\Http\\Kernel.php(160): Illuminate\\Foundation\\Http\\Kernel->bootstrap()
#23 D:\\wamp64\\www\\fxbrokeview\\core\\vendor\\laravel\\framework\\src\\Illuminate\\Foundation\\Http\\Kernel.php(134): Illuminate\\Foundation\\Http\\Kernel->sendRequestThroughRouter(Object(Illuminate\\Http\\Request))
#24 D:\\wamp64\\www\\fxbrokeview\\index.php(52): Illuminate\\Foundation\\Http\\Kernel->handle(Object(Illuminate\\Http\\Request))
#25 {main}

[previous exception] [object] (PDOException(code: 1045): SQLSTATE[HY000] [1045] Access denied for user 'fxbrizdp_newfxbusr'@'localhost' (using password: YES) at D:\\wamp64\\www\\fxbrokeview\\core\\vendor\\laravel\\framework\\src\\Illuminate\\Database\\Connectors\\Connector.php:70)
[stacktrace]
#0 D:\\wamp64\\www\\fxbrokeview\\core\\vendor\\laravel\\framework\\src\\Illuminate\\Database\\Connectors\\Connector.php(70): PDO->__construct('mysql:host=loca...', 'fxbrizdp_newfxb...', 'K)0k,+C$IfRjNMR', Array)
#1 D:\\wamp64\\www\\fxbrokeview\\core\\vendor\\laravel\\framework\\src\\Illuminate\\Database\\Connectors\\Connector.php(46): Illuminate\\Database\\Connectors\\Connector->createPdoConnection('mysql:host=loca...', 'fxbrizdp_newfxb...', 'K)0k,+C$IfRjNMR', Array)
#2 D:\\wamp64\\www\\fxbrokeview\\core\\vendor\\laravel\\framework\\src\\Illuminate\\Database\\Connectors\\MySqlConnector.php(24): Illuminate\\Database\\Connectors\\Connector->createConnection('mysql:host=loca...', Array, Array)
#3 D:\\wamp64\\www\\fxbrokeview\\core\\vendor\\laravel\\framework\\src\\Illuminate\\Database\\Connectors\\ConnectionFactory.php(184): Illuminate\\Database\\Connectors\\MySqlConnector->connect(Array)
#4 [internal function]: Illuminate\\Database\\Connectors\\ConnectionFactory->Illuminate\\Database\\Connectors\\{closure}()
#5 D:\\wamp64\\www\\fxbrokeview\\core\\vendor\\laravel\\framework\\src\\Illuminate\\Database\\Connection.php(1169): call_user_func(Object(Closure))
#6 D:\\wamp64\\www\\fxbrokeview\\core\\vendor\\laravel\\framework\\src\\Illuminate\\Database\\Connection.php(1205): Illuminate\\Database\\Connection->getPdo()
#7 D:\\wamp64\\www\\fxbrokeview\\core\\vendor\\laravel\\framework\\src\\Illuminate\\Database\\Connection.php(485): Illuminate\\Database\\Connection->getReadPdo()
#8 D:\\wamp64\\www\\fxbrokeview\\core\\vendor\\laravel\\framework\\src\\Illuminate\\Database\\Connection.php(413): Illuminate\\Database\\Connection->getPdoForSelect(true)
#9 D:\\wamp64\\www\\fxbrokeview\\core\\vendor\\laravel\\framework\\src\\Illuminate\\Database\\Connection.php(752): Illuminate\\Database\\Connection->Illuminate\\Database\\{closure}('select * from `...', Array)
#10 D:\\wamp64\\www\\fxbrokeview\\core\\vendor\\laravel\\framework\\src\\Illuminate\\Database\\Connection.php(719): Illuminate\\Database\\Connection->runQueryCallback('select * from `...', Array, Object(Closure))
#11 D:\\wamp64\\www\\fxbrokeview\\core\\vendor\\laravel\\framework\\src\\Illuminate\\Database\\Connection.php(421): Illuminate\\Database\\Connection->run('select * from `...', Array, Object(Closure))
#12 D:\\wamp64\\www\\fxbrokeview\\core\\vendor\\laravel\\framework\\src\\Illuminate\\Database\\Query\\Builder.php(2636): Illuminate\\Database\\Connection->select('select * from `...', Array, true)
#13 D:\\wamp64\\www\\fxbrokeview\\core\\vendor\\laravel\\framework\\src\\Illuminate\\Database\\Query\\Builder.php(2624): Illuminate\\Database\\Query\\Builder->runSelect()
#14 D:\\wamp64\\www\\fxbrokeview\\core\\vendor\\laravel\\framework\\src\\Illuminate\\Database\\Query\\Builder.php(3160): Illuminate\\Database\\Query\\Builder->Illuminate\\Database\\Query\\{closure}()
#15 D:\\wamp64\\www\\fxbrokeview\\core\\vendor\\laravel\\framework\\src\\Illuminate\\Database\\Query\\Builder.php(2625): Illuminate\\Database\\Query\\Builder->onceWithColumns(Array, Object(Closure))
#16 D:\\wamp64\\www\\fxbrokeview\\core\\vendor\\laravel\\framework\\src\\Illuminate\\Database\\Eloquent\\Builder.php(699): Illuminate\\Database\\Query\\Builder->get(Array)
#17 D:\\wamp64\\www\\fxbrokeview\\core\\vendor\\laravel\\framework\\src\\Illuminate\\Database\\Eloquent\\Builder.php(683): Illuminate\\Database\\Eloquent\\Builder->getModels(Array)
#18 D:\\wamp64\\www\\fxbrokeview\\core\\vendor\\laravel\\framework\\src\\Illuminate\\Database\\Eloquent\\Model.php(632): Illuminate\\Database\\Eloquent\\Builder->get(Array)
#19 D:\\wamp64\\www\\fxbrokeview\\core\\app\\Providers\\AppServiceProvider.php(40): Illuminate\\Database\\Eloquent\\Model::all()
#20 D:\\wamp64\\www\\fxbrokeview\\core\\vendor\\laravel\\framework\\src\\Illuminate\\Container\\BoundMethod.php(36): App\\Providers\\AppServiceProvider->boot()
#21 D:\\wamp64\\www\\fxbrokeview\\core\\vendor\\laravel\\framework\\src\\Illuminate\\Container\\Util.php(41): Illuminate\\Container\\BoundMethod::Illuminate\\Container\\{closure}()
#22 D:\\wamp64\\www\\fxbrokeview\\core\\vendor\\laravel\\framework\\src\\Illuminate\\Container\\BoundMethod.php(93): Illuminate\\Container\\Util::unwrapIfClosure(Object(Closure))
#23 D:\\wamp64\\www\\fxbrokeview\\core\\vendor\\laravel\\framework\\src\\Illuminate\\Container\\BoundMethod.php(37): Illuminate\\Container\\BoundMethod::callBoundMethod(Object(Illuminate\\Foundation\\Application), Array, Object(Closure))
#24 D:\\wamp64\\www\\fxbrokeview\\core\\vendor\\laravel\\framework\\src\\Illuminate\\Container\\Container.php(651): Illuminate\\Container\\BoundMethod::call(Object(Illuminate\\Foundation\\Application), Array, Array, NULL)
#25 D:\\wamp64\\www\\fxbrokeview\\core\\vendor\\laravel\\framework\\src\\Illuminate\\Foundation\\Application.php(933): Illuminate\\Container\\Container->call(Array)
#26 D:\\wamp64\\www\\fxbrokeview\\core\\vendor\\laravel\\framework\\src\\Illuminate\\Foundation\\Application.php(914): Illuminate\\Foundation\\Application->bootProvider(Object(App\\Providers\\AppServiceProvider))
#27 [internal function]: Illuminate\\Foundation\\Application->Illuminate\\Foundation\\{closure}(Object(App\\Providers\\AppServiceProvider), 22)
#28 D:\\wamp64\\www\\fxbrokeview\\core\\vendor\\laravel\\framework\\src\\Illuminate\\Foundation\\Application.php(915): array_walk(Array, Object(Closure))
#29 D:\\wamp64\\www\\fxbrokeview\\core\\vendor\\laravel\\framework\\src\\Illuminate\\Foundation\\Bootstrap\\BootProviders.php(17): Illuminate\\Foundation\\Application->boot()
#30 D:\\wamp64\\www\\fxbrokeview\\core\\vendor\\laravel\\framework\\src\\Illuminate\\Foundation\\Application.php(242): Illuminate\\Foundation\\Bootstrap\\BootProviders->bootstrap(Object(Illuminate\\Foundation\\Application))
#31 D:\\wamp64\\www\\fxbrokeview\\core\\vendor\\laravel\\framework\\src\\Illuminate\\Foundation\\Http\\Kernel.php(176): Illuminate\\Foundation\\Application->bootstrapWith(Array)
#32 D:\\wamp64\\www\\fxbrokeview\\core\\vendor\\laravel\\framework\\src\\Illuminate\\Foundation\\Http\\Kernel.php(160): Illuminate\\Foundation\\Http\\Kernel->bootstrap()
#33 D:\\wamp64\\www\\fxbrokeview\\core\\vendor\\laravel\\framework\\src\\Illuminate\\Foundation\\Http\\Kernel.php(134): Illuminate\\Foundation\\Http\\Kernel->sendRequestThroughRouter(Object(Illuminate\\Http\\Request))
#34 D:\\wamp64\\www\\fxbrokeview\\index.php(52): Illuminate\\Foundation\\Http\\Kernel->handle(Object(Illuminate\\Http\\Request))
#35 {main}
"} 
[2023-11-14 09:13:24] production.ERROR: SQLSTATE[HY000] [1045] Access denied for user 'fxbrizdp_newfxbusr'@'localhost' (using password: YES) (SQL: select * from `languages`) {"exception":"[object] (Illuminate\\Database\\QueryException(code: 1045): SQLSTATE[HY000] [1045] Access denied for user 'fxbrizdp_newfxbusr'@'localhost' (using password: YES) (SQL: select * from `languages`) at D:\\wamp64\\www\\fxbrokeview\\core\\vendor\\laravel\\framework\\src\\Illuminate\\Database\\Connection.php:759)
[stacktrace]
#0 D:\\wamp64\\www\\fxbrokeview\\core\\vendor\\laravel\\framework\\src\\Illuminate\\Database\\Connection.php(719): Illuminate\\Database\\Connection->runQueryCallback('select * from `...', Array, Object(Closure))
#1 D:\\wamp64\\www\\fxbrokeview\\core\\vendor\\laravel\\framework\\src\\Illuminate\\Database\\Connection.php(421): Illuminate\\Database\\Connection->run('select * from `...', Array, Object(Closure))
#2 D:\\wamp64\\www\\fxbrokeview\\core\\vendor\\laravel\\framework\\src\\Illuminate\\Database\\Query\\Builder.php(2636): Illuminate\\Database\\Connection->select('select * from `...', Array, true)
#3 D:\\wamp64\\www\\fxbrokeview\\core\\vendor\\laravel\\framework\\src\\Illuminate\\Database\\Query\\Builder.php(2624): Illuminate\\Database\\Query\\Builder->runSelect()
#4 D:\\wamp64\\www\\fxbrokeview\\core\\vendor\\laravel\\framework\\src\\Illuminate\\Database\\Query\\Builder.php(3160): Illuminate\\Database\\Query\\Builder->Illuminate\\Database\\Query\\{closure}()
#5 D:\\wamp64\\www\\fxbrokeview\\core\\vendor\\laravel\\framework\\src\\Illuminate\\Database\\Query\\Builder.php(2625): Illuminate\\Database\\Query\\Builder->onceWithColumns(Array, Object(Closure))
#6 D:\\wamp64\\www\\fxbrokeview\\core\\vendor\\laravel\\framework\\src\\Illuminate\\Database\\Eloquent\\Builder.php(699): Illuminate\\Database\\Query\\Builder->get(Array)
#7 D:\\wamp64\\www\\fxbrokeview\\core\\vendor\\laravel\\framework\\src\\Illuminate\\Database\\Eloquent\\Builder.php(683): Illuminate\\Database\\Eloquent\\Builder->getModels(Array)
#8 D:\\wamp64\\www\\fxbrokeview\\core\\vendor\\laravel\\framework\\src\\Illuminate\\Database\\Eloquent\\Model.php(632): Illuminate\\Database\\Eloquent\\Builder->get(Array)
#9 D:\\wamp64\\www\\fxbrokeview\\core\\app\\Providers\\AppServiceProvider.php(40): Illuminate\\Database\\Eloquent\\Model::all()
#10 D:\\wamp64\\www\\fxbrokeview\\core\\vendor\\laravel\\framework\\src\\Illuminate\\Container\\BoundMethod.php(36): App\\Providers\\AppServiceProvider->boot()
#11 D:\\wamp64\\www\\fxbrokeview\\core\\vendor\\laravel\\framework\\src\\Illuminate\\Container\\Util.php(41): Illuminate\\Container\\BoundMethod::Illuminate\\Container\\{closure}()
#12 D:\\wamp64\\www\\fxbrokeview\\core\\vendor\\laravel\\framework\\src\\Illuminate\\Container\\BoundMethod.php(93): Illuminate\\Container\\Util::unwrapIfClosure(Object(Closure))
#13 D:\\wamp64\\www\\fxbrokeview\\core\\vendor\\laravel\\framework\\src\\Illuminate\\Container\\BoundMethod.php(37): Illuminate\\Container\\BoundMethod::callBoundMethod(Object(Illuminate\\Foundation\\Application), Array, Object(Closure))
#14 D:\\wamp64\\www\\fxbrokeview\\core\\vendor\\laravel\\framework\\src\\Illuminate\\Container\\Container.php(651): Illuminate\\Container\\BoundMethod::call(Object(Illuminate\\Foundation\\Application), Array, Array, NULL)
#15 D:\\wamp64\\www\\fxbrokeview\\core\\vendor\\laravel\\framework\\src\\Illuminate\\Foundation\\Application.php(933): Illuminate\\Container\\Container->call(Array)
#16 D:\\wamp64\\www\\fxbrokeview\\core\\vendor\\laravel\\framework\\src\\Illuminate\\Foundation\\Application.php(914): Illuminate\\Foundation\\Application->bootProvider(Object(App\\Providers\\AppServiceProvider))
#17 [internal function]: Illuminate\\Foundation\\Application->Illuminate\\Foundation\\{closure}(Object(App\\Providers\\AppServiceProvider), 22)
#18 D:\\wamp64\\www\\fxbrokeview\\core\\vendor\\laravel\\framework\\src\\Illuminate\\Foundation\\Application.php(915): array_walk(Array, Object(Closure))
#19 D:\\wamp64\\www\\fxbrokeview\\core\\vendor\\laravel\\framework\\src\\Illuminate\\Foundation\\Bootstrap\\BootProviders.php(17): Illuminate\\Foundation\\Application->boot()
#20 D:\\wamp64\\www\\fxbrokeview\\core\\vendor\\laravel\\framework\\src\\Illuminate\\Foundation\\Application.php(242): Illuminate\\Foundation\\Bootstrap\\BootProviders->bootstrap(Object(Illuminate\\Foundation\\Application))
#21 D:\\wamp64\\www\\fxbrokeview\\core\\vendor\\laravel\\framework\\src\\Illuminate\\Foundation\\Http\\Kernel.php(176): Illuminate\\Foundation\\Application->bootstrapWith(Array)
#22 D:\\wamp64\\www\\fxbrokeview\\core\\vendor\\laravel\\framework\\src\\Illuminate\\Foundation\\Http\\Kernel.php(160): Illuminate\\Foundation\\Http\\Kernel->bootstrap()
#23 D:\\wamp64\\www\\fxbrokeview\\core\\vendor\\laravel\\framework\\src\\Illuminate\\Foundation\\Http\\Kernel.php(134): Illuminate\\Foundation\\Http\\Kernel->sendRequestThroughRouter(Object(Illuminate\\Http\\Request))
#24 D:\\wamp64\\www\\fxbrokeview\\index.php(52): Illuminate\\Foundation\\Http\\Kernel->handle(Object(Illuminate\\Http\\Request))
#25 {main}

[previous exception] [object] (PDOException(code: 1045): SQLSTATE[HY000] [1045] Access denied for user 'fxbrizdp_newfxbusr'@'localhost' (using password: YES) at D:\\wamp64\\www\\fxbrokeview\\core\\vendor\\laravel\\framework\\src\\Illuminate\\Database\\Connectors\\Connector.php:70)
[stacktrace]
#0 D:\\wamp64\\www\\fxbrokeview\\core\\vendor\\laravel\\framework\\src\\Illuminate\\Database\\Connectors\\Connector.php(70): PDO->__construct('mysql:host=loca...', 'fxbrizdp_newfxb...', 'K)0k,+C$IfRjNMR', Array)
#1 D:\\wamp64\\www\\fxbrokeview\\core\\vendor\\laravel\\framework\\src\\Illuminate\\Database\\Connectors\\Connector.php(46): Illuminate\\Database\\Connectors\\Connector->createPdoConnection('mysql:host=loca...', 'fxbrizdp_newfxb...', 'K)0k,+C$IfRjNMR', Array)
#2 D:\\wamp64\\www\\fxbrokeview\\core\\vendor\\laravel\\framework\\src\\Illuminate\\Database\\Connectors\\MySqlConnector.php(24): Illuminate\\Database\\Connectors\\Connector->createConnection('mysql:host=loca...', Array, Array)
#3 D:\\wamp64\\www\\fxbrokeview\\core\\vendor\\laravel\\framework\\src\\Illuminate\\Database\\Connectors\\ConnectionFactory.php(184): Illuminate\\Database\\Connectors\\MySqlConnector->connect(Array)
#4 [internal function]: Illuminate\\Database\\Connectors\\ConnectionFactory->Illuminate\\Database\\Connectors\\{closure}()
#5 D:\\wamp64\\www\\fxbrokeview\\core\\vendor\\laravel\\framework\\src\\Illuminate\\Database\\Connection.php(1169): call_user_func(Object(Closure))
#6 D:\\wamp64\\www\\fxbrokeview\\core\\vendor\\laravel\\framework\\src\\Illuminate\\Database\\Connection.php(1205): Illuminate\\Database\\Connection->getPdo()
#7 D:\\wamp64\\www\\fxbrokeview\\core\\vendor\\laravel\\framework\\src\\Illuminate\\Database\\Connection.php(485): Illuminate\\Database\\Connection->getReadPdo()
#8 D:\\wamp64\\www\\fxbrokeview\\core\\vendor\\laravel\\framework\\src\\Illuminate\\Database\\Connection.php(413): Illuminate\\Database\\Connection->getPdoForSelect(true)
#9 D:\\wamp64\\www\\fxbrokeview\\core\\vendor\\laravel\\framework\\src\\Illuminate\\Database\\Connection.php(752): Illuminate\\Database\\Connection->Illuminate\\Database\\{closure}('select * from `...', Array)
#10 D:\\wamp64\\www\\fxbrokeview\\core\\vendor\\laravel\\framework\\src\\Illuminate\\Database\\Connection.php(719): Illuminate\\Database\\Connection->runQueryCallback('select * from `...', Array, Object(Closure))
#11 D:\\wamp64\\www\\fxbrokeview\\core\\vendor\\laravel\\framework\\src\\Illuminate\\Database\\Connection.php(421): Illuminate\\Database\\Connection->run('select * from `...', Array, Object(Closure))
#12 D:\\wamp64\\www\\fxbrokeview\\core\\vendor\\laravel\\framework\\src\\Illuminate\\Database\\Query\\Builder.php(2636): Illuminate\\Database\\Connection->select('select * from `...', Array, true)
#13 D:\\wamp64\\www\\fxbrokeview\\core\\vendor\\laravel\\framework\\src\\Illuminate\\Database\\Query\\Builder.php(2624): Illuminate\\Database\\Query\\Builder->runSelect()
#14 D:\\wamp64\\www\\fxbrokeview\\core\\vendor\\laravel\\framework\\src\\Illuminate\\Database\\Query\\Builder.php(3160): Illuminate\\Database\\Query\\Builder->Illuminate\\Database\\Query\\{closure}()
#15 D:\\wamp64\\www\\fxbrokeview\\core\\vendor\\laravel\\framework\\src\\Illuminate\\Database\\Query\\Builder.php(2625): Illuminate\\Database\\Query\\Builder->onceWithColumns(Array, Object(Closure))
#16 D:\\wamp64\\www\\fxbrokeview\\core\\vendor\\laravel\\framework\\src\\Illuminate\\Database\\Eloquent\\Builder.php(699): Illuminate\\Database\\Query\\Builder->get(Array)
#17 D:\\wamp64\\www\\fxbrokeview\\core\\vendor\\laravel\\framework\\src\\Illuminate\\Database\\Eloquent\\Builder.php(683): Illuminate\\Database\\Eloquent\\Builder->getModels(Array)
#18 D:\\wamp64\\www\\fxbrokeview\\core\\vendor\\laravel\\framework\\src\\Illuminate\\Database\\Eloquent\\Model.php(632): Illuminate\\Database\\Eloquent\\Builder->get(Array)
#19 D:\\wamp64\\www\\fxbrokeview\\core\\app\\Providers\\AppServiceProvider.php(40): Illuminate\\Database\\Eloquent\\Model::all()
#20 D:\\wamp64\\www\\fxbrokeview\\core\\vendor\\laravel\\framework\\src\\Illuminate\\Container\\BoundMethod.php(36): App\\Providers\\AppServiceProvider->boot()
#21 D:\\wamp64\\www\\fxbrokeview\\core\\vendor\\laravel\\framework\\src\\Illuminate\\Container\\Util.php(41): Illuminate\\Container\\BoundMethod::Illuminate\\Container\\{closure}()
#22 D:\\wamp64\\www\\fxbrokeview\\core\\vendor\\laravel\\framework\\src\\Illuminate\\Container\\BoundMethod.php(93): Illuminate\\Container\\Util::unwrapIfClosure(Object(Closure))
#23 D:\\wamp64\\www\\fxbrokeview\\core\\vendor\\laravel\\framework\\src\\Illuminate\\Container\\BoundMethod.php(37): Illuminate\\Container\\BoundMethod::callBoundMethod(Object(Illuminate\\Foundation\\Application), Array, Object(Closure))
#24 D:\\wamp64\\www\\fxbrokeview\\core\\vendor\\laravel\\framework\\src\\Illuminate\\Container\\Container.php(651): Illuminate\\Container\\BoundMethod::call(Object(Illuminate\\Foundation\\Application), Array, Array, NULL)
#25 D:\\wamp64\\www\\fxbrokeview\\core\\vendor\\laravel\\framework\\src\\Illuminate\\Foundation\\Application.php(933): Illuminate\\Container\\Container->call(Array)
#26 D:\\wamp64\\www\\fxbrokeview\\core\\vendor\\laravel\\framework\\src\\Illuminate\\Foundation\\Application.php(914): Illuminate\\Foundation\\Application->bootProvider(Object(App\\Providers\\AppServiceProvider))
#27 [internal function]: Illuminate\\Foundation\\Application->Illuminate\\Foundation\\{closure}(Object(App\\Providers\\AppServiceProvider), 22)
#28 D:\\wamp64\\www\\fxbrokeview\\core\\vendor\\laravel\\framework\\src\\Illuminate\\Foundation\\Application.php(915): array_walk(Array, Object(Closure))
#29 D:\\wamp64\\www\\fxbrokeview\\core\\vendor\\laravel\\framework\\src\\Illuminate\\Foundation\\Bootstrap\\BootProviders.php(17): Illuminate\\Foundation\\Application->boot()
#30 D:\\wamp64\\www\\fxbrokeview\\core\\vendor\\laravel\\framework\\src\\Illuminate\\Foundation\\Application.php(242): Illuminate\\Foundation\\Bootstrap\\BootProviders->bootstrap(Object(Illuminate\\Foundation\\Application))
#31 D:\\wamp64\\www\\fxbrokeview\\core\\vendor\\laravel\\framework\\src\\Illuminate\\Foundation\\Http\\Kernel.php(176): Illuminate\\Foundation\\Application->bootstrapWith(Array)
#32 D:\\wamp64\\www\\fxbrokeview\\core\\vendor\\laravel\\framework\\src\\Illuminate\\Foundation\\Http\\Kernel.php(160): Illuminate\\Foundation\\Http\\Kernel->bootstrap()
#33 D:\\wamp64\\www\\fxbrokeview\\core\\vendor\\laravel\\framework\\src\\Illuminate\\Foundation\\Http\\Kernel.php(134): Illuminate\\Foundation\\Http\\Kernel->sendRequestThroughRouter(Object(Illuminate\\Http\\Request))
#34 D:\\wamp64\\www\\fxbrokeview\\index.php(52): Illuminate\\Foundation\\Http\\Kernel->handle(Object(Illuminate\\Http\\Request))
#35 {main}
"} 
